This file contains any messages produced by compilers while
running configure, to aid debugging if configure makes a mistake.

It was created by nghttp3 configure 1.1.0-DEV, which was
generated by GNU Autoconf 2.71.  Invocation command line was

  $ ./configure --prefix=/users/eghbal/nghttp3/build --enable-lib-only 'LIBS=-L/users/eghbal/openfec_v1.4.2/bin/Release -lopenfec' 'CFLAGS=-g -O2 -I/users/eghbal/openfec_v1.4.2/src/lib_common/'

## --------- ##
## Platform. ##
## --------- ##

hostname = client.eghbal-177311.fec-http.emulab.net
uname -m = x86_64
uname -r = 5.15.0-86-generic
uname -s = Linux
uname -v = #96-Ubuntu SMP Wed Sep 20 08:23:49 UTC 2023

/usr/bin/uname -p = x86_64
/bin/uname -X     = unknown

/bin/arch              = x86_64
/usr/bin/arch -k       = unknown
/usr/convex/getsysinfo = unknown
/usr/bin/hostinfo      = unknown
/bin/machine           = unknown
/usr/bin/oslevel       = unknown
/bin/universe          = unknown

PATH: /usr/local/sbin/
PATH: /usr/local/bin/
PATH: /usr/sbin/
PATH: /usr/bin/
PATH: /sbin/
PATH: /bin/
PATH: /usr/games/
PATH: /usr/local/games/
PATH: /snap/bin/


## ----------- ##
## Core tests. ##
## ----------- ##

configure:3089: looking for aux files: missing install-sh config.guess config.sub ltmain.sh compile
configure:3102:  trying ././
configure:3131:   ././missing found
configure:3113:   ././install-sh found
configure:3131:   ././config.guess found
configure:3131:   ././config.sub found
configure:3131:   ././ltmain.sh found
configure:3131:   ././compile found
configure:3313: checking for gcc
configure:3334: found /usr/bin/gcc
configure:3345: result: gcc
configure:3698: checking for C compiler version
configure:3707: gcc --version >&5
gcc (Ubuntu 11.4.0-1ubuntu1~22.04) 11.4.0
Copyright (C) 2021 Free Software Foundation, Inc.
This is free software; see the source for copying conditions.  There is NO
warranty; not even for MERCHANTABILITY or FITNESS FOR A PARTICULAR PURPOSE.

configure:3718: $? = 0
configure:3707: gcc -v >&5
Using built-in specs.
COLLECT_GCC=gcc
COLLECT_LTO_WRAPPER=/usr/lib/gcc/x86_64-linux-gnu/11/lto-wrapper
OFFLOAD_TARGET_NAMES=nvptx-none:amdgcn-amdhsa
OFFLOAD_TARGET_DEFAULT=1
Target: x86_64-linux-gnu
Configured with: ../src/configure -v --with-pkgversion='Ubuntu 11.4.0-1ubuntu1~22.04' --with-bugurl=file:///usr/share/doc/gcc-11/README.Bugs --enable-languages=c,ada,c++,go,brig,d,fortran,objc,obj-c++,m2 --prefix=/usr --with-gcc-major-version-only --program-suffix=-11 --program-prefix=x86_64-linux-gnu- --enable-shared --enable-linker-build-id --libexecdir=/usr/lib --without-included-gettext --enable-threads=posix --libdir=/usr/lib --enable-nls --enable-bootstrap --enable-clocale=gnu --enable-libstdcxx-debug --enable-libstdcxx-time=yes --with-default-libstdcxx-abi=new --enable-gnu-unique-object --disable-vtable-verify --enable-plugin --enable-default-pie --with-system-zlib --enable-libphobos-checking=release --with-target-system-zlib=auto --enable-objc-gc=auto --enable-multiarch --disable-werror --enable-cet --with-arch-32=i686 --with-abi=m64 --with-multilib-list=m32,m64,mx32 --enable-multilib --with-tune=generic --enable-offload-targets=nvptx-none=/build/gcc-11-XeT9lY/gcc-11-11.4.0/debian/tmp-nvptx/usr,amdgcn-amdhsa=/build/gcc-11-XeT9lY/gcc-11-11.4.0/debian/tmp-gcn/usr --without-cuda-driver --enable-checking=release --build=x86_64-linux-gnu --host=x86_64-linux-gnu --target=x86_64-linux-gnu --with-build-config=bootstrap-lto-lean --enable-link-serialization=2
Thread model: posix
Supported LTO compression algorithms: zlib zstd
gcc version 11.4.0 (Ubuntu 11.4.0-1ubuntu1~22.04) 
... rest of stderr output deleted ...
configure:3718: $? = 0
configure:3707: gcc -V >&5
gcc: error: unrecognized command-line option '-V'
gcc: fatal error: no input files
compilation terminated.
configure:3718: $? = 1
configure:3707: gcc -qversion >&5
gcc: error: unrecognized command-line option '-qversion'; did you mean '--version'?
gcc: fatal error: no input files
compilation terminated.
configure:3718: $? = 1
configure:3707: gcc -version >&5
gcc: error: unrecognized command-line option '-version'
gcc: fatal error: no input files
compilation terminated.
configure:3718: $? = 1
configure:3738: checking whether the C compiler works
configure:3760: gcc -g -O2 -I/users/eghbal/openfec_v1.4.2/src/lib_common/   conftest.c -L/users/eghbal/openfec_v1.4.2/bin/Release -lopenfec >&5
configure:3764: $? = 0
configure:3814: result: yes
configure:3817: checking for C compiler default output file name
configure:3819: result: a.out
configure:3825: checking for suffix of executables
configure:3832: gcc -o conftest -g -O2 -I/users/eghbal/openfec_v1.4.2/src/lib_common/   conftest.c -L/users/eghbal/openfec_v1.4.2/bin/Release -lopenfec >&5
configure:3836: $? = 0
configure:3859: result: 
configure:3881: checking whether we are cross compiling
configure:3889: gcc -o conftest -g -O2 -I/users/eghbal/openfec_v1.4.2/src/lib_common/   conftest.c -L/users/eghbal/openfec_v1.4.2/bin/Release -lopenfec >&5
configure:3893: $? = 0
configure:3900: ./conftest
configure:3904: $? = 0
configure:3919: result: no
configure:3924: checking for suffix of object files
configure:3947: gcc -c -g -O2 -I/users/eghbal/openfec_v1.4.2/src/lib_common/  conftest.c >&5
configure:3951: $? = 0
configure:3973: result: o
configure:3977: checking whether the compiler supports GNU C
configure:3997: gcc -c -g -O2 -I/users/eghbal/openfec_v1.4.2/src/lib_common/  conftest.c >&5
configure:3997: $? = 0
configure:4007: result: yes
configure:4018: checking whether gcc accepts -g
configure:4039: gcc -c -g  conftest.c >&5
configure:4039: $? = 0
configure:4083: result: yes
configure:4103: checking for gcc option to enable C11 features
configure:4118: gcc  -c -g -O2 -I/users/eghbal/openfec_v1.4.2/src/lib_common/  conftest.c >&5
configure:4118: $? = 0
configure:4136: result: none needed
configure:4252: checking whether gcc understands -c and -o together
configure:4275: gcc -c conftest.c -o conftest2.o
configure:4278: $? = 0
configure:4275: gcc -c conftest.c -o conftest2.o
configure:4278: $? = 0
configure:4290: result: yes
configure:4312: checking for stdio.h
configure:4312: gcc -c -g -O2 -I/users/eghbal/openfec_v1.4.2/src/lib_common/  conftest.c >&5
configure:4312: $? = 0
configure:4312: result: yes
configure:4312: checking for stdlib.h
configure:4312: gcc -c -g -O2 -I/users/eghbal/openfec_v1.4.2/src/lib_common/  conftest.c >&5
configure:4312: $? = 0
configure:4312: result: yes
configure:4312: checking for string.h
configure:4312: gcc -c -g -O2 -I/users/eghbal/openfec_v1.4.2/src/lib_common/  conftest.c >&5
configure:4312: $? = 0
configure:4312: result: yes
configure:4312: checking for inttypes.h
configure:4312: gcc -c -g -O2 -I/users/eghbal/openfec_v1.4.2/src/lib_common/  conftest.c >&5
configure:4312: $? = 0
configure:4312: result: yes
configure:4312: checking for stdint.h
configure:4312: gcc -c -g -O2 -I/users/eghbal/openfec_v1.4.2/src/lib_common/  conftest.c >&5
configure:4312: $? = 0
configure:4312: result: yes
configure:4312: checking for strings.h
configure:4312: gcc -c -g -O2 -I/users/eghbal/openfec_v1.4.2/src/lib_common/  conftest.c >&5
configure:4312: $? = 0
configure:4312: result: yes
configure:4312: checking for sys/stat.h
configure:4312: gcc -c -g -O2 -I/users/eghbal/openfec_v1.4.2/src/lib_common/  conftest.c >&5
configure:4312: $? = 0
configure:4312: result: yes
configure:4312: checking for sys/types.h
configure:4312: gcc -c -g -O2 -I/users/eghbal/openfec_v1.4.2/src/lib_common/  conftest.c >&5
configure:4312: $? = 0
configure:4312: result: yes
configure:4312: checking for unistd.h
configure:4312: gcc -c -g -O2 -I/users/eghbal/openfec_v1.4.2/src/lib_common/  conftest.c >&5
configure:4312: $? = 0
configure:4312: result: yes
configure:4312: checking for wchar.h
configure:4312: gcc -c -g -O2 -I/users/eghbal/openfec_v1.4.2/src/lib_common/  conftest.c >&5
configure:4312: $? = 0
configure:4312: result: yes
configure:4312: checking for minix/config.h
configure:4312: gcc -c -g -O2 -I/users/eghbal/openfec_v1.4.2/src/lib_common/  conftest.c >&5
conftest.c:47:10: fatal error: minix/config.h: No such file or directory
   47 | #include <minix/config.h>
      |          ^~~~~~~~~~~~~~~~
compilation terminated.
configure:4312: $? = 1
configure: failed program was:
| /* confdefs.h */
| #define PACKAGE_NAME "nghttp3"
| #define PACKAGE_TARNAME "nghttp3"
| #define PACKAGE_VERSION "1.1.0-DEV"
| #define PACKAGE_STRING "nghttp3 1.1.0-DEV"
| #define PACKAGE_BUGREPORT "t-tujikawa@users.sourceforge.net"
| #define PACKAGE_URL ""
| #define HAVE_STDIO_H 1
| #define HAVE_STDLIB_H 1
| #define HAVE_STRING_H 1
| #define HAVE_INTTYPES_H 1
| #define HAVE_STDINT_H 1
| #define HAVE_STRINGS_H 1
| #define HAVE_SYS_STAT_H 1
| #define HAVE_SYS_TYPES_H 1
| #define HAVE_UNISTD_H 1
| #define HAVE_WCHAR_H 1
| /* end confdefs.h.  */
| #include <stddef.h>
| #ifdef HAVE_STDIO_H
| # include <stdio.h>
| #endif
| #ifdef HAVE_STDLIB_H
| # include <stdlib.h>
| #endif
| #ifdef HAVE_STRING_H
| # include <string.h>
| #endif
| #ifdef HAVE_INTTYPES_H
| # include <inttypes.h>
| #endif
| #ifdef HAVE_STDINT_H
| # include <stdint.h>
| #endif
| #ifdef HAVE_STRINGS_H
| # include <strings.h>
| #endif
| #ifdef HAVE_SYS_TYPES_H
| # include <sys/types.h>
| #endif
| #ifdef HAVE_SYS_STAT_H
| # include <sys/stat.h>
| #endif
| #ifdef HAVE_UNISTD_H
| # include <unistd.h>
| #endif
| #include <minix/config.h>
configure:4312: result: no
configure:4343: checking whether it is safe to define __EXTENSIONS__
configure:4362: gcc -c -g -O2 -I/users/eghbal/openfec_v1.4.2/src/lib_common/  conftest.c >&5
configure:4362: $? = 0
configure:4370: result: yes
configure:4373: checking whether _XOPEN_SOURCE should be defined
configure:4395: gcc -c -g -O2 -I/users/eghbal/openfec_v1.4.2/src/lib_common/  conftest.c >&5
configure:4395: $? = 0
configure:4422: result: no
configure:4512: checking build system type
configure:4527: result: x86_64-pc-linux-gnu
configure:4547: checking host system type
configure:4561: result: x86_64-pc-linux-gnu
configure:4602: checking how to print strings
configure:4629: result: printf
configure:4650: checking for a sed that does not truncate output
configure:4720: result: /usr/bin/sed
configure:4738: checking for grep that handles long lines and -e
configure:4802: result: /usr/bin/grep
configure:4807: checking for egrep
configure:4875: result: /usr/bin/grep -E
configure:4880: checking for fgrep
configure:4948: result: /usr/bin/grep -F
configure:4984: checking for ld used by gcc
configure:5052: result: /usr/bin/ld
configure:5059: checking if the linker (/usr/bin/ld) is GNU ld
configure:5075: result: yes
configure:5087: checking for BSD- or MS-compatible name lister (nm)
configure:5142: result: /usr/bin/nm -B
configure:5282: checking the name lister (/usr/bin/nm -B) interface
configure:5290: gcc -c -g -O2 -I/users/eghbal/openfec_v1.4.2/src/lib_common/  conftest.c >&5
configure:5293: /usr/bin/nm -B "conftest.o"
configure:5296: output
0000000000000000 B some_variable
configure:5303: result: BSD nm
configure:5306: checking whether ln -s works
configure:5310: result: yes
configure:5318: checking the maximum length of command line arguments
configure:5450: result: 1572864
configure:5498: checking how to convert x86_64-pc-linux-gnu file names to x86_64-pc-linux-gnu format
configure:5539: result: func_convert_file_noop
configure:5546: checking how to convert x86_64-pc-linux-gnu file names to toolchain format
configure:5567: result: func_convert_file_noop
configure:5574: checking for /usr/bin/ld option to reload object files
configure:5582: result: -r
configure:5661: checking for objdump
configure:5682: found /usr/bin/objdump
configure:5693: result: objdump
configure:5725: checking how to recognize dependent libraries
configure:5926: result: pass_all
configure:6016: checking for dlltool
configure:6051: result: no
configure:6081: checking how to associate runtime and link libraries
configure:6109: result: printf %s\n
configure:6174: checking for ar
configure:6195: found /usr/bin/ar
configure:6206: result: ar
configure:6243: checking for archiver @FILE support
configure:6261: gcc -c -g -O2 -I/users/eghbal/openfec_v1.4.2/src/lib_common/  conftest.c >&5
configure:6261: $? = 0
configure:6265: ar cr libconftest.a @conftest.lst >&5
configure:6268: $? = 0
configure:6273: ar cr libconftest.a @conftest.lst >&5
ar: conftest.o: No such file or directory
configure:6276: $? = 1
configure:6288: result: @
configure:6351: checking for strip
configure:6372: found /usr/bin/strip
configure:6383: result: strip
configure:6460: checking for ranlib
configure:6481: found /usr/bin/ranlib
configure:6492: result: ranlib
configure:6569: checking for gawk
configure:6590: found /usr/bin/gawk
configure:6601: result: gawk
configure:6641: checking command to parse /usr/bin/nm -B output from gcc object
configure:6795: gcc -c -g -O2 -I/users/eghbal/openfec_v1.4.2/src/lib_common/  conftest.c >&5
configure:6798: $? = 0
configure:6802: /usr/bin/nm -B conftest.o | sed -n -e 's/^.*[	 ]\([ABCDGIRSTW][ABCDGIRSTW]*\)[	 ][	 ]*\([_A-Za-z][_A-Za-z0-9]*\)$/\1 \2 \2/p' | sed '/ __gnu_lto/d' > conftest.nm
configure:6868: gcc -o conftest -g -O2 -I/users/eghbal/openfec_v1.4.2/src/lib_common/   conftest.c conftstm.o >&5
configure:6871: $? = 0
configure:6909: result: ok
configure:6956: checking for sysroot
configure:6987: result: no
configure:6994: checking for a working dd
configure:7038: result: /usr/bin/dd
configure:7042: checking how to truncate binary pipes
configure:7058: result: /usr/bin/dd bs=4096 count=1
configure:7195: gcc -c -g -O2 -I/users/eghbal/openfec_v1.4.2/src/lib_common/  conftest.c >&5
configure:7198: $? = 0
configure:7395: checking for mt
configure:7416: found /usr/bin/mt
configure:7427: result: mt
configure:7450: checking if mt is a manifest tool
configure:7457: mt '-?'
configure:7465: result: no
configure:8191: checking for dlfcn.h
configure:8191: gcc -c -g -O2 -I/users/eghbal/openfec_v1.4.2/src/lib_common/  conftest.c >&5
configure:8191: $? = 0
configure:8191: result: yes
configure:8450: checking for objdir
configure:8466: result: .libs
configure:8730: checking if gcc supports -fno-rtti -fno-exceptions
configure:8749: gcc -c -g -O2 -I/users/eghbal/openfec_v1.4.2/src/lib_common/  -fno-rtti -fno-exceptions conftest.c >&5
cc1: warning: command-line option '-fno-rtti' is valid for C++/D/ObjC++ but not for C
configure:8753: $? = 0
configure:8766: result: no
configure:9130: checking for gcc option to produce PIC
configure:9138: result: -fPIC -DPIC
configure:9146: checking if gcc PIC flag -fPIC -DPIC works
configure:9165: gcc -c -g -O2 -I/users/eghbal/openfec_v1.4.2/src/lib_common/  -fPIC -DPIC -DPIC conftest.c >&5
configure:9169: $? = 0
configure:9182: result: yes
configure:9211: checking if gcc static flag -static works
configure:9240: result: no
configure:9255: checking if gcc supports -c -o file.o
configure:9277: gcc -c -g -O2 -I/users/eghbal/openfec_v1.4.2/src/lib_common/  -o out/conftest2.o conftest.c >&5
configure:9281: $? = 0
configure:9303: result: yes
configure:9311: checking if gcc supports -c -o file.o
configure:9359: result: yes
configure:9392: checking whether the gcc linker (/usr/bin/ld -m elf_x86_64) supports shared libraries
configure:10662: result: yes
configure:10699: checking whether -lc should be explicitly linked in
configure:10708: gcc -c -g -O2 -I/users/eghbal/openfec_v1.4.2/src/lib_common/  conftest.c >&5
configure:10711: $? = 0
configure:10726: gcc -shared  -fPIC -DPIC conftest.o  -v -Wl,-soname -Wl,conftest -o conftest 2\>\&1 \| /usr/bin/grep  -lc  \>/dev/null 2\>\&1
configure:10729: $? = 0
configure:10743: result: no
configure:10903: checking dynamic linker characteristics
configure:11485: gcc -o conftest -g -O2 -I/users/eghbal/openfec_v1.4.2/src/lib_common/   -Wl,-rpath -Wl,/foo conftest.c -L/users/eghbal/openfec_v1.4.2/bin/Release -lopenfec >&5
configure:11485: $? = 0
configure:11736: result: GNU/Linux ld.so
configure:11858: checking how to hardcode library paths into programs
configure:11883: result: immediate
configure:12435: checking whether stripping libraries is possible
configure:12440: result: yes
configure:12475: checking if libtool supports shared libraries
configure:12477: result: yes
configure:12480: checking whether to build shared libraries
configure:12505: result: yes
configure:12508: checking whether to build static libraries
configure:12512: result: yes
configure:12552: checking target system type
configure:12566: result: x86_64-pc-linux-gnu
configure:12610: checking for a BSD-compatible install
configure:12683: result: /usr/bin/install -c
configure:12694: checking whether build environment is sane
configure:12749: result: yes
configure:12904: checking for a race-free mkdir -p
configure:12948: result: /usr/bin/mkdir -p
configure:12951: checking whether make sets $(MAKE)
configure:12974: result: yes
configure:12996: checking whether make supports the include directive
configure:13011: make -f confmf.GNU && cat confinc.out
this is the am__doit target
configure:13014: $? = 0
configure:13033: result: yes (GNU style)
configure:13068: checking whether make supports nested variables
configure:13086: result: yes
configure:13167: checking dependency style of gcc
configure:13279: result: gcc3
configure:13364: checking whether make supports nested variables
configure:13382: result: yes
configure:13530: checking for gcc
configure:13562: result: gcc
configure:13915: checking for C compiler version
configure:13924: gcc --version >&5
gcc (Ubuntu 11.4.0-1ubuntu1~22.04) 11.4.0
Copyright (C) 2021 Free Software Foundation, Inc.
This is free software; see the source for copying conditions.  There is NO
warranty; not even for MERCHANTABILITY or FITNESS FOR A PARTICULAR PURPOSE.

configure:13935: $? = 0
configure:13924: gcc -v >&5
Using built-in specs.
COLLECT_GCC=gcc
COLLECT_LTO_WRAPPER=/usr/lib/gcc/x86_64-linux-gnu/11/lto-wrapper
OFFLOAD_TARGET_NAMES=nvptx-none:amdgcn-amdhsa
OFFLOAD_TARGET_DEFAULT=1
Target: x86_64-linux-gnu
Configured with: ../src/configure -v --with-pkgversion='Ubuntu 11.4.0-1ubuntu1~22.04' --with-bugurl=file:///usr/share/doc/gcc-11/README.Bugs --enable-languages=c,ada,c++,go,brig,d,fortran,objc,obj-c++,m2 --prefix=/usr --with-gcc-major-version-only --program-suffix=-11 --program-prefix=x86_64-linux-gnu- --enable-shared --enable-linker-build-id --libexecdir=/usr/lib --without-included-gettext --enable-threads=posix --libdir=/usr/lib --enable-nls --enable-bootstrap --enable-clocale=gnu --enable-libstdcxx-debug --enable-libstdcxx-time=yes --with-default-libstdcxx-abi=new --enable-gnu-unique-object --disable-vtable-verify --enable-plugin --enable-default-pie --with-system-zlib --enable-libphobos-checking=release --with-target-system-zlib=auto --enable-objc-gc=auto --enable-multiarch --disable-werror --enable-cet --with-arch-32=i686 --with-abi=m64 --with-multilib-list=m32,m64,mx32 --enable-multilib --with-tune=generic --enable-offload-targets=nvptx-none=/build/gcc-11-XeT9lY/gcc-11-11.4.0/debian/tmp-nvptx/usr,amdgcn-amdhsa=/build/gcc-11-XeT9lY/gcc-11-11.4.0/debian/tmp-gcn/usr --without-cuda-driver --enable-checking=release --build=x86_64-linux-gnu --host=x86_64-linux-gnu --target=x86_64-linux-gnu --with-build-config=bootstrap-lto-lean --enable-link-serialization=2
Thread model: posix
Supported LTO compression algorithms: zlib zstd
gcc version 11.4.0 (Ubuntu 11.4.0-1ubuntu1~22.04) 
... rest of stderr output deleted ...
configure:13935: $? = 0
configure:13924: gcc -V >&5
gcc: error: unrecognized command-line option '-V'
gcc: fatal error: no input files
compilation terminated.
configure:13935: $? = 1
configure:13924: gcc -qversion >&5
gcc: error: unrecognized command-line option '-qversion'; did you mean '--version'?
gcc: fatal error: no input files
compilation terminated.
configure:13935: $? = 1
configure:13924: gcc -version >&5
gcc: error: unrecognized command-line option '-version'
gcc: fatal error: no input files
compilation terminated.
configure:13935: $? = 1
configure:13939: checking whether the compiler supports GNU C
configure:13969: result: yes
configure:13980: checking whether gcc accepts -g
configure:14045: result: yes
configure:14065: checking for gcc option to enable C11 features
configure:14098: result: none needed
configure:14214: checking whether gcc understands -c and -o together
configure:14252: result: yes
configure:14338: checking for g++
configure:14359: found /usr/bin/g++
configure:14370: result: g++
configure:14397: checking for C++ compiler version
configure:14406: g++ --version >&5
g++ (Ubuntu 11.4.0-1ubuntu1~22.04) 11.4.0
Copyright (C) 2021 Free Software Foundation, Inc.
This is free software; see the source for copying conditions.  There is NO
warranty; not even for MERCHANTABILITY or FITNESS FOR A PARTICULAR PURPOSE.

configure:14417: $? = 0
configure:14406: g++ -v >&5
Using built-in specs.
COLLECT_GCC=g++
COLLECT_LTO_WRAPPER=/usr/lib/gcc/x86_64-linux-gnu/11/lto-wrapper
OFFLOAD_TARGET_NAMES=nvptx-none:amdgcn-amdhsa
OFFLOAD_TARGET_DEFAULT=1
Target: x86_64-linux-gnu
Configured with: ../src/configure -v --with-pkgversion='Ubuntu 11.4.0-1ubuntu1~22.04' --with-bugurl=file:///usr/share/doc/gcc-11/README.Bugs --enable-languages=c,ada,c++,go,brig,d,fortran,objc,obj-c++,m2 --prefix=/usr --with-gcc-major-version-only --program-suffix=-11 --program-prefix=x86_64-linux-gnu- --enable-shared --enable-linker-build-id --libexecdir=/usr/lib --without-included-gettext --enable-threads=posix --libdir=/usr/lib --enable-nls --enable-bootstrap --enable-clocale=gnu --enable-libstdcxx-debug --enable-libstdcxx-time=yes --with-default-libstdcxx-abi=new --enable-gnu-unique-object --disable-vtable-verify --enable-plugin --enable-default-pie --with-system-zlib --enable-libphobos-checking=release --with-target-system-zlib=auto --enable-objc-gc=auto --enable-multiarch --disable-werror --enable-cet --with-arch-32=i686 --with-abi=m64 --with-multilib-list=m32,m64,mx32 --enable-multilib --with-tune=generic --enable-offload-targets=nvptx-none=/build/gcc-11-XeT9lY/gcc-11-11.4.0/debian/tmp-nvptx/usr,amdgcn-amdhsa=/build/gcc-11-XeT9lY/gcc-11-11.4.0/debian/tmp-gcn/usr --without-cuda-driver --enable-checking=release --build=x86_64-linux-gnu --host=x86_64-linux-gnu --target=x86_64-linux-gnu --with-build-config=bootstrap-lto-lean --enable-link-serialization=2
Thread model: posix
Supported LTO compression algorithms: zlib zstd
gcc version 11.4.0 (Ubuntu 11.4.0-1ubuntu1~22.04) 
... rest of stderr output deleted ...
configure:14417: $? = 0
configure:14406: g++ -V >&5
g++: error: unrecognized command-line option '-V'
g++: fatal error: no input files
compilation terminated.
configure:14417: $? = 1
configure:14406: g++ -qversion >&5
g++: error: unrecognized command-line option '-qversion'; did you mean '--version'?
g++: fatal error: no input files
compilation terminated.
configure:14417: $? = 1
configure:14421: checking whether the compiler supports GNU C++
configure:14441: g++ -c   conftest.cpp >&5
configure:14441: $? = 0
configure:14451: result: yes
configure:14462: checking whether g++ accepts -g
configure:14483: g++ -c -g  conftest.cpp >&5
configure:14483: $? = 0
configure:14527: result: yes
configure:14547: checking for g++ option to enable C++11 features
configure:14562: g++  -c -g -O2  conftest.cpp >&5
conftest.cpp: In function 'int main(int, char**)':
conftest.cpp:206:25: warning: empty parentheses were disambiguated as a function declaration [-Wvexing-parse]
  206 |   cxx11test::delegate d2();
      |                         ^~
conftest.cpp:206:25: note: remove parentheses to default-initialize a variable
  206 |   cxx11test::delegate d2();
      |                         ^~
      |                         --
conftest.cpp:206:25: note: or replace parentheses with braces to value-initialize a variable
configure:14562: $? = 0
configure:14580: result: none needed
configure:14662: checking how to run the C++ preprocessor
configure:14684: g++ -E  conftest.cpp
configure:14684: $? = 0
configure:14699: g++ -E  conftest.cpp
conftest.cpp:40:10: fatal error: ac_nonexistent.h: No such file or directory
   40 | #include <ac_nonexistent.h>
      |          ^~~~~~~~~~~~~~~~~~
compilation terminated.
configure:14699: $? = 1
configure: failed program was:
| /* confdefs.h */
| #define PACKAGE_NAME "nghttp3"
| #define PACKAGE_TARNAME "nghttp3"
| #define PACKAGE_VERSION "1.1.0-DEV"
| #define PACKAGE_STRING "nghttp3 1.1.0-DEV"
| #define PACKAGE_BUGREPORT "t-tujikawa@users.sourceforge.net"
| #define PACKAGE_URL ""
| #define HAVE_STDIO_H 1
| #define HAVE_STDLIB_H 1
| #define HAVE_STRING_H 1
| #define HAVE_INTTYPES_H 1
| #define HAVE_STDINT_H 1
| #define HAVE_STRINGS_H 1
| #define HAVE_SYS_STAT_H 1
| #define HAVE_SYS_TYPES_H 1
| #define HAVE_UNISTD_H 1
| #define HAVE_WCHAR_H 1
| #define STDC_HEADERS 1
| #define _ALL_SOURCE 1
| #define _DARWIN_C_SOURCE 1
| #define _GNU_SOURCE 1
| #define _HPUX_ALT_XOPEN_SOCKET_API 1
| #define _NETBSD_SOURCE 1
| #define _OPENBSD_SOURCE 1
| #define _POSIX_PTHREAD_SEMANTICS 1
| #define __STDC_WANT_IEC_60559_ATTRIBS_EXT__ 1
| #define __STDC_WANT_IEC_60559_BFP_EXT__ 1
| #define __STDC_WANT_IEC_60559_DFP_EXT__ 1
| #define __STDC_WANT_IEC_60559_FUNCS_EXT__ 1
| #define __STDC_WANT_IEC_60559_TYPES_EXT__ 1
| #define __STDC_WANT_LIB_EXT2__ 1
| #define __STDC_WANT_MATH_SPEC_FUNCS__ 1
| #define _TANDEM_SOURCE 1
| #define __EXTENSIONS__ 1
| #define HAVE_DLFCN_H 1
| #define LT_OBJDIR ".libs/"
| #define PACKAGE "nghttp3"
| #define VERSION "1.1.0-DEV"
| /* end confdefs.h.  */
| #include <ac_nonexistent.h>
configure:14726: result: g++ -E
configure:14740: g++ -E  conftest.cpp
configure:14740: $? = 0
configure:14755: g++ -E  conftest.cpp
conftest.cpp:40:10: fatal error: ac_nonexistent.h: No such file or directory
   40 | #include <ac_nonexistent.h>
      |          ^~~~~~~~~~~~~~~~~~
compilation terminated.
configure:14755: $? = 1
configure: failed program was:
| /* confdefs.h */
| #define PACKAGE_NAME "nghttp3"
| #define PACKAGE_TARNAME "nghttp3"
| #define PACKAGE_VERSION "1.1.0-DEV"
| #define PACKAGE_STRING "nghttp3 1.1.0-DEV"
| #define PACKAGE_BUGREPORT "t-tujikawa@users.sourceforge.net"
| #define PACKAGE_URL ""
| #define HAVE_STDIO_H 1
| #define HAVE_STDLIB_H 1
| #define HAVE_STRING_H 1
| #define HAVE_INTTYPES_H 1
| #define HAVE_STDINT_H 1
| #define HAVE_STRINGS_H 1
| #define HAVE_SYS_STAT_H 1
| #define HAVE_SYS_TYPES_H 1
| #define HAVE_UNISTD_H 1
| #define HAVE_WCHAR_H 1
| #define STDC_HEADERS 1
| #define _ALL_SOURCE 1
| #define _DARWIN_C_SOURCE 1
| #define _GNU_SOURCE 1
| #define _HPUX_ALT_XOPEN_SOCKET_API 1
| #define _NETBSD_SOURCE 1
| #define _OPENBSD_SOURCE 1
| #define _POSIX_PTHREAD_SEMANTICS 1
| #define __STDC_WANT_IEC_60559_ATTRIBS_EXT__ 1
| #define __STDC_WANT_IEC_60559_BFP_EXT__ 1
| #define __STDC_WANT_IEC_60559_DFP_EXT__ 1
| #define __STDC_WANT_IEC_60559_FUNCS_EXT__ 1
| #define __STDC_WANT_IEC_60559_TYPES_EXT__ 1
| #define __STDC_WANT_LIB_EXT2__ 1
| #define __STDC_WANT_MATH_SPEC_FUNCS__ 1
| #define _TANDEM_SOURCE 1
| #define __EXTENSIONS__ 1
| #define HAVE_DLFCN_H 1
| #define LT_OBJDIR ".libs/"
| #define PACKAGE "nghttp3"
| #define VERSION "1.1.0-DEV"
| /* end confdefs.h.  */
| #include <ac_nonexistent.h>
configure:14920: checking for ld used by g++
configure:14988: result: /usr/bin/ld -m elf_x86_64
configure:14995: checking if the linker (/usr/bin/ld -m elf_x86_64) is GNU ld
configure:15011: result: yes
configure:15066: checking whether the g++ linker (/usr/bin/ld -m elf_x86_64) supports shared libraries
configure:16143: result: yes
configure:16179: g++ -c -g -O2  conftest.cpp >&5
configure:16182: $? = 0
configure:16663: checking for g++ option to produce PIC
configure:16671: result: -fPIC -DPIC
configure:16679: checking if g++ PIC flag -fPIC -DPIC works
configure:16698: g++ -c -g -O2  -fPIC -DPIC -DPIC conftest.cpp >&5
configure:16702: $? = 0
configure:16715: result: yes
configure:16738: checking if g++ static flag -static works
configure:16767: result: no
configure:16779: checking if g++ supports -c -o file.o
configure:16801: g++ -c -g -O2  -o out/conftest2.o conftest.cpp >&5
configure:16805: $? = 0
configure:16827: result: yes
configure:16832: checking if g++ supports -c -o file.o
configure:16880: result: yes
configure:16910: checking whether the g++ linker (/usr/bin/ld -m elf_x86_64) supports shared libraries
configure:16953: result: yes
configure:17095: checking dynamic linker characteristics
configure:17855: result: GNU/Linux ld.so
configure:17920: checking how to hardcode library paths into programs
configure:17945: result: immediate
configure:17987: checking dependency style of g++
configure:18099: result: gcc3
configure:18119: checking how to run the C preprocessor
configure:18145: gcc -E  conftest.c
configure:18145: $? = 0
configure:18160: gcc -E  conftest.c
conftest.c:40:10: fatal error: ac_nonexistent.h: No such file or directory
   40 | #include <ac_nonexistent.h>
      |          ^~~~~~~~~~~~~~~~~~
compilation terminated.
configure:18160: $? = 1
configure: failed program was:
| /* confdefs.h */
| #define PACKAGE_NAME "nghttp3"
| #define PACKAGE_TARNAME "nghttp3"
| #define PACKAGE_VERSION "1.1.0-DEV"
| #define PACKAGE_STRING "nghttp3 1.1.0-DEV"
| #define PACKAGE_BUGREPORT "t-tujikawa@users.sourceforge.net"
| #define PACKAGE_URL ""
| #define HAVE_STDIO_H 1
| #define HAVE_STDLIB_H 1
| #define HAVE_STRING_H 1
| #define HAVE_INTTYPES_H 1
| #define HAVE_STDINT_H 1
| #define HAVE_STRINGS_H 1
| #define HAVE_SYS_STAT_H 1
| #define HAVE_SYS_TYPES_H 1
| #define HAVE_UNISTD_H 1
| #define HAVE_WCHAR_H 1
| #define STDC_HEADERS 1
| #define _ALL_SOURCE 1
| #define _DARWIN_C_SOURCE 1
| #define _GNU_SOURCE 1
| #define _HPUX_ALT_XOPEN_SOCKET_API 1
| #define _NETBSD_SOURCE 1
| #define _OPENBSD_SOURCE 1
| #define _POSIX_PTHREAD_SEMANTICS 1
| #define __STDC_WANT_IEC_60559_ATTRIBS_EXT__ 1
| #define __STDC_WANT_IEC_60559_BFP_EXT__ 1
| #define __STDC_WANT_IEC_60559_DFP_EXT__ 1
| #define __STDC_WANT_IEC_60559_FUNCS_EXT__ 1
| #define __STDC_WANT_IEC_60559_TYPES_EXT__ 1
| #define __STDC_WANT_LIB_EXT2__ 1
| #define __STDC_WANT_MATH_SPEC_FUNCS__ 1
| #define _TANDEM_SOURCE 1
| #define __EXTENSIONS__ 1
| #define HAVE_DLFCN_H 1
| #define LT_OBJDIR ".libs/"
| #define PACKAGE "nghttp3"
| #define VERSION "1.1.0-DEV"
| /* end confdefs.h.  */
| #include <ac_nonexistent.h>
configure:18187: result: gcc -E
configure:18201: gcc -E  conftest.c
configure:18201: $? = 0
configure:18216: gcc -E  conftest.c
conftest.c:40:10: fatal error: ac_nonexistent.h: No such file or directory
   40 | #include <ac_nonexistent.h>
      |          ^~~~~~~~~~~~~~~~~~
compilation terminated.
configure:18216: $? = 1
configure: failed program was:
| /* confdefs.h */
| #define PACKAGE_NAME "nghttp3"
| #define PACKAGE_TARNAME "nghttp3"
| #define PACKAGE_VERSION "1.1.0-DEV"
| #define PACKAGE_STRING "nghttp3 1.1.0-DEV"
| #define PACKAGE_BUGREPORT "t-tujikawa@users.sourceforge.net"
| #define PACKAGE_URL ""
| #define HAVE_STDIO_H 1
| #define HAVE_STDLIB_H 1
| #define HAVE_STRING_H 1
| #define HAVE_INTTYPES_H 1
| #define HAVE_STDINT_H 1
| #define HAVE_STRINGS_H 1
| #define HAVE_SYS_STAT_H 1
| #define HAVE_SYS_TYPES_H 1
| #define HAVE_UNISTD_H 1
| #define HAVE_WCHAR_H 1
| #define STDC_HEADERS 1
| #define _ALL_SOURCE 1
| #define _DARWIN_C_SOURCE 1
| #define _GNU_SOURCE 1
| #define _HPUX_ALT_XOPEN_SOCKET_API 1
| #define _NETBSD_SOURCE 1
| #define _OPENBSD_SOURCE 1
| #define _POSIX_PTHREAD_SEMANTICS 1
| #define __STDC_WANT_IEC_60559_ATTRIBS_EXT__ 1
| #define __STDC_WANT_IEC_60559_BFP_EXT__ 1
| #define __STDC_WANT_IEC_60559_DFP_EXT__ 1
| #define __STDC_WANT_IEC_60559_FUNCS_EXT__ 1
| #define __STDC_WANT_IEC_60559_TYPES_EXT__ 1
| #define __STDC_WANT_LIB_EXT2__ 1
| #define __STDC_WANT_MATH_SPEC_FUNCS__ 1
| #define _TANDEM_SOURCE 1
| #define __EXTENSIONS__ 1
| #define HAVE_DLFCN_H 1
| #define LT_OBJDIR ".libs/"
| #define PACKAGE "nghttp3"
| #define VERSION "1.1.0-DEV"
| /* end confdefs.h.  */
| #include <ac_nonexistent.h>
configure:18247: checking whether ln -s works
configure:18251: result: yes
configure:18258: checking whether make sets $(MAKE)
configure:18281: result: yes
configure:18351: checking for pkg-config
configure:18374: found /usr/bin/pkg-config
configure:18386: result: /usr/bin/pkg-config
configure:18411: checking pkg-config is at least version 0.20
configure:18414: result: yes
configure:18431: checking whether g++ supports C++17 features by default
configure:19230: g++ -c -g -O2  conftest.cpp >&5
configure:19230: $? = 0
configure:19238: result: yes
configure:20939: checking for cunit >= 2.1
configure:20946: $PKG_CONFIG --exists --print-errors "cunit >= 2.1"
configure:20949: $? = 0
configure:20963: $PKG_CONFIG --exists --print-errors "cunit >= 2.1"
configure:20966: $? = 0
configure:21004: result: yes
configure:21104: checking for arpa/inet.h
configure:21104: gcc -c -g -O2 -I/users/eghbal/openfec_v1.4.2/src/lib_common/  conftest.c >&5
configure:21104: $? = 0
configure:21104: result: yes
configure:21110: checking for stddef.h
configure:21110: gcc -c -g -O2 -I/users/eghbal/openfec_v1.4.2/src/lib_common/  conftest.c >&5
configure:21110: $? = 0
configure:21110: result: yes
configure:21116: checking for stdint.h
configure:21116: result: yes
configure:21122: checking for stdlib.h
configure:21122: result: yes
configure:21128: checking for string.h
configure:21128: result: yes
configure:21134: checking for unistd.h
configure:21134: result: yes
configure:21140: checking for sys/endian.h
configure:21140: gcc -c -g -O2 -I/users/eghbal/openfec_v1.4.2/src/lib_common/  conftest.c >&5
conftest.c:75:10: fatal error: sys/endian.h: No such file or directory
   75 | #include <sys/endian.h>
      |          ^~~~~~~~~~~~~~
compilation terminated.
configure:21140: $? = 1
configure: failed program was:
| /* confdefs.h */
| #define PACKAGE_NAME "nghttp3"
| #define PACKAGE_TARNAME "nghttp3"
| #define PACKAGE_VERSION "1.1.0-DEV"
| #define PACKAGE_STRING "nghttp3 1.1.0-DEV"
| #define PACKAGE_BUGREPORT "t-tujikawa@users.sourceforge.net"
| #define PACKAGE_URL ""
| #define HAVE_STDIO_H 1
| #define HAVE_STDLIB_H 1
| #define HAVE_STRING_H 1
| #define HAVE_INTTYPES_H 1
| #define HAVE_STDINT_H 1
| #define HAVE_STRINGS_H 1
| #define HAVE_SYS_STAT_H 1
| #define HAVE_SYS_TYPES_H 1
| #define HAVE_UNISTD_H 1
| #define HAVE_WCHAR_H 1
| #define STDC_HEADERS 1
| #define _ALL_SOURCE 1
| #define _DARWIN_C_SOURCE 1
| #define _GNU_SOURCE 1
| #define _HPUX_ALT_XOPEN_SOCKET_API 1
| #define _NETBSD_SOURCE 1
| #define _OPENBSD_SOURCE 1
| #define _POSIX_PTHREAD_SEMANTICS 1
| #define __STDC_WANT_IEC_60559_ATTRIBS_EXT__ 1
| #define __STDC_WANT_IEC_60559_BFP_EXT__ 1
| #define __STDC_WANT_IEC_60559_DFP_EXT__ 1
| #define __STDC_WANT_IEC_60559_FUNCS_EXT__ 1
| #define __STDC_WANT_IEC_60559_TYPES_EXT__ 1
| #define __STDC_WANT_LIB_EXT2__ 1
| #define __STDC_WANT_MATH_SPEC_FUNCS__ 1
| #define _TANDEM_SOURCE 1
| #define __EXTENSIONS__ 1
| #define HAVE_DLFCN_H 1
| #define LT_OBJDIR ".libs/"
| #define PACKAGE "nghttp3"
| #define VERSION "1.1.0-DEV"
| #define HAVE_CXX17 1
| #define HAVE_ARPA_INET_H 1
| #define HAVE_STDDEF_H 1
| #define HAVE_STDINT_H 1
| #define HAVE_STDLIB_H 1
| #define HAVE_STRING_H 1
| #define HAVE_UNISTD_H 1
| /* end confdefs.h.  */
| #include <stddef.h>
| #ifdef HAVE_STDIO_H
| # include <stdio.h>
| #endif
| #ifdef HAVE_STDLIB_H
| # include <stdlib.h>
| #endif
| #ifdef HAVE_STRING_H
| # include <string.h>
| #endif
| #ifdef HAVE_INTTYPES_H
| # include <inttypes.h>
| #endif
| #ifdef HAVE_STDINT_H
| # include <stdint.h>
| #endif
| #ifdef HAVE_STRINGS_H
| # include <strings.h>
| #endif
| #ifdef HAVE_SYS_TYPES_H
| # include <sys/types.h>
| #endif
| #ifdef HAVE_SYS_STAT_H
| # include <sys/stat.h>
| #endif
| #ifdef HAVE_UNISTD_H
| # include <unistd.h>
| #endif
| #include <sys/endian.h>
configure:21140: result: no
configure:21146: checking for endian.h
configure:21146: gcc -c -g -O2 -I/users/eghbal/openfec_v1.4.2/src/lib_common/  conftest.c >&5
configure:21146: $? = 0
configure:21146: result: yes
configure:21152: checking for byteswap.h
configure:21152: gcc -c -g -O2 -I/users/eghbal/openfec_v1.4.2/src/lib_common/  conftest.c >&5
configure:21152: $? = 0
configure:21152: result: yes
configure:21161: checking for size_t
configure:21161: gcc -c -g -O2 -I/users/eghbal/openfec_v1.4.2/src/lib_common/  conftest.c >&5
configure:21161: $? = 0
configure:21161: gcc -c -g -O2 -I/users/eghbal/openfec_v1.4.2/src/lib_common/  conftest.c >&5
conftest.c: In function 'main':
conftest.c:80:21: error: expected expression before ')' token
   80 | if (sizeof ((size_t)))
      |                     ^
configure:21161: $? = 1
configure: failed program was:
| /* confdefs.h */
| #define PACKAGE_NAME "nghttp3"
| #define PACKAGE_TARNAME "nghttp3"
| #define PACKAGE_VERSION "1.1.0-DEV"
| #define PACKAGE_STRING "nghttp3 1.1.0-DEV"
| #define PACKAGE_BUGREPORT "t-tujikawa@users.sourceforge.net"
| #define PACKAGE_URL ""
| #define HAVE_STDIO_H 1
| #define HAVE_STDLIB_H 1
| #define HAVE_STRING_H 1
| #define HAVE_INTTYPES_H 1
| #define HAVE_STDINT_H 1
| #define HAVE_STRINGS_H 1
| #define HAVE_SYS_STAT_H 1
| #define HAVE_SYS_TYPES_H 1
| #define HAVE_UNISTD_H 1
| #define HAVE_WCHAR_H 1
| #define STDC_HEADERS 1
| #define _ALL_SOURCE 1
| #define _DARWIN_C_SOURCE 1
| #define _GNU_SOURCE 1
| #define _HPUX_ALT_XOPEN_SOCKET_API 1
| #define _NETBSD_SOURCE 1
| #define _OPENBSD_SOURCE 1
| #define _POSIX_PTHREAD_SEMANTICS 1
| #define __STDC_WANT_IEC_60559_ATTRIBS_EXT__ 1
| #define __STDC_WANT_IEC_60559_BFP_EXT__ 1
| #define __STDC_WANT_IEC_60559_DFP_EXT__ 1
| #define __STDC_WANT_IEC_60559_FUNCS_EXT__ 1
| #define __STDC_WANT_IEC_60559_TYPES_EXT__ 1
| #define __STDC_WANT_LIB_EXT2__ 1
| #define __STDC_WANT_MATH_SPEC_FUNCS__ 1
| #define _TANDEM_SOURCE 1
| #define __EXTENSIONS__ 1
| #define HAVE_DLFCN_H 1
| #define LT_OBJDIR ".libs/"
| #define PACKAGE "nghttp3"
| #define VERSION "1.1.0-DEV"
| #define HAVE_CXX17 1
| #define HAVE_ARPA_INET_H 1
| #define HAVE_STDDEF_H 1
| #define HAVE_STDINT_H 1
| #define HAVE_STDLIB_H 1
| #define HAVE_STRING_H 1
| #define HAVE_UNISTD_H 1
| #define HAVE_ENDIAN_H 1
| #define HAVE_BYTESWAP_H 1
| /* end confdefs.h.  */
| #include <stddef.h>
| #ifdef HAVE_STDIO_H
| # include <stdio.h>
| #endif
| #ifdef HAVE_STDLIB_H
| # include <stdlib.h>
| #endif
| #ifdef HAVE_STRING_H
| # include <string.h>
| #endif
| #ifdef HAVE_INTTYPES_H
| # include <inttypes.h>
| #endif
| #ifdef HAVE_STDINT_H
| # include <stdint.h>
| #endif
| #ifdef HAVE_STRINGS_H
| # include <strings.h>
| #endif
| #ifdef HAVE_SYS_TYPES_H
| # include <sys/types.h>
| #endif
| #ifdef HAVE_SYS_STAT_H
| # include <sys/stat.h>
| #endif
| #ifdef HAVE_UNISTD_H
| # include <unistd.h>
| #endif
| int
| main (void)
| {
| if (sizeof ((size_t)))
| 	    return 0;
|   ;
|   return 0;
| }
configure:21161: result: yes
configure:21171: checking for ssize_t
configure:21171: gcc -c -g -O2 -I/users/eghbal/openfec_v1.4.2/src/lib_common/  conftest.c >&5
configure:21171: $? = 0
configure:21171: gcc -c -g -O2 -I/users/eghbal/openfec_v1.4.2/src/lib_common/  conftest.c >&5
conftest.c: In function 'main':
conftest.c:80:22: error: expected expression before ')' token
   80 | if (sizeof ((ssize_t)))
      |                      ^
configure:21171: $? = 1
configure: failed program was:
| /* confdefs.h */
| #define PACKAGE_NAME "nghttp3"
| #define PACKAGE_TARNAME "nghttp3"
| #define PACKAGE_VERSION "1.1.0-DEV"
| #define PACKAGE_STRING "nghttp3 1.1.0-DEV"
| #define PACKAGE_BUGREPORT "t-tujikawa@users.sourceforge.net"
| #define PACKAGE_URL ""
| #define HAVE_STDIO_H 1
| #define HAVE_STDLIB_H 1
| #define HAVE_STRING_H 1
| #define HAVE_INTTYPES_H 1
| #define HAVE_STDINT_H 1
| #define HAVE_STRINGS_H 1
| #define HAVE_SYS_STAT_H 1
| #define HAVE_SYS_TYPES_H 1
| #define HAVE_UNISTD_H 1
| #define HAVE_WCHAR_H 1
| #define STDC_HEADERS 1
| #define _ALL_SOURCE 1
| #define _DARWIN_C_SOURCE 1
| #define _GNU_SOURCE 1
| #define _HPUX_ALT_XOPEN_SOCKET_API 1
| #define _NETBSD_SOURCE 1
| #define _OPENBSD_SOURCE 1
| #define _POSIX_PTHREAD_SEMANTICS 1
| #define __STDC_WANT_IEC_60559_ATTRIBS_EXT__ 1
| #define __STDC_WANT_IEC_60559_BFP_EXT__ 1
| #define __STDC_WANT_IEC_60559_DFP_EXT__ 1
| #define __STDC_WANT_IEC_60559_FUNCS_EXT__ 1
| #define __STDC_WANT_IEC_60559_TYPES_EXT__ 1
| #define __STDC_WANT_LIB_EXT2__ 1
| #define __STDC_WANT_MATH_SPEC_FUNCS__ 1
| #define _TANDEM_SOURCE 1
| #define __EXTENSIONS__ 1
| #define HAVE_DLFCN_H 1
| #define LT_OBJDIR ".libs/"
| #define PACKAGE "nghttp3"
| #define VERSION "1.1.0-DEV"
| #define HAVE_CXX17 1
| #define HAVE_ARPA_INET_H 1
| #define HAVE_STDDEF_H 1
| #define HAVE_STDINT_H 1
| #define HAVE_STDLIB_H 1
| #define HAVE_STRING_H 1
| #define HAVE_UNISTD_H 1
| #define HAVE_ENDIAN_H 1
| #define HAVE_BYTESWAP_H 1
| /* end confdefs.h.  */
| #include <stddef.h>
| #ifdef HAVE_STDIO_H
| # include <stdio.h>
| #endif
| #ifdef HAVE_STDLIB_H
| # include <stdlib.h>
| #endif
| #ifdef HAVE_STRING_H
| # include <string.h>
| #endif
| #ifdef HAVE_INTTYPES_H
| # include <inttypes.h>
| #endif
| #ifdef HAVE_STDINT_H
| # include <stdint.h>
| #endif
| #ifdef HAVE_STRINGS_H
| # include <strings.h>
| #endif
| #ifdef HAVE_SYS_TYPES_H
| # include <sys/types.h>
| #endif
| #ifdef HAVE_SYS_STAT_H
| # include <sys/stat.h>
| #endif
| #ifdef HAVE_UNISTD_H
| # include <unistd.h>
| #endif
| int
| main (void)
| {
| if (sizeof ((ssize_t)))
| 	    return 0;
|   ;
|   return 0;
| }
configure:21171: result: yes
configure:21181: checking for uint8_t
configure:21181: gcc -c -g -O2 -I/users/eghbal/openfec_v1.4.2/src/lib_common/  conftest.c >&5
configure:21181: $? = 0
configure:21181: result: yes
configure:21193: checking for uint16_t
configure:21193: gcc -c -g -O2 -I/users/eghbal/openfec_v1.4.2/src/lib_common/  conftest.c >&5
configure:21193: $? = 0
configure:21193: result: yes
configure:21203: checking for uint32_t
configure:21203: gcc -c -g -O2 -I/users/eghbal/openfec_v1.4.2/src/lib_common/  conftest.c >&5
configure:21203: $? = 0
configure:21203: result: yes
configure:21215: checking for uint64_t
configure:21215: gcc -c -g -O2 -I/users/eghbal/openfec_v1.4.2/src/lib_common/  conftest.c >&5
configure:21215: $? = 0
configure:21215: result: yes
configure:21227: checking for int8_t
configure:21227: gcc -c -g -O2 -I/users/eghbal/openfec_v1.4.2/src/lib_common/  conftest.c >&5
configure:21227: $? = 0
configure:21227: gcc -c -g -O2 -I/users/eghbal/openfec_v1.4.2/src/lib_common/  conftest.c >&5
conftest.c: In function 'main':
conftest.c:81:12: error: size of array 'test_array' is negative
   81 | static int test_array [1 - 2 * !((int8_t) (((((int8_t) 1 << N) << N) - 1) * 2 + 1)
      |            ^~~~~~~~~~
configure:21227: $? = 1
configure: failed program was:
| /* confdefs.h */
| #define PACKAGE_NAME "nghttp3"
| #define PACKAGE_TARNAME "nghttp3"
| #define PACKAGE_VERSION "1.1.0-DEV"
| #define PACKAGE_STRING "nghttp3 1.1.0-DEV"
| #define PACKAGE_BUGREPORT "t-tujikawa@users.sourceforge.net"
| #define PACKAGE_URL ""
| #define HAVE_STDIO_H 1
| #define HAVE_STDLIB_H 1
| #define HAVE_STRING_H 1
| #define HAVE_INTTYPES_H 1
| #define HAVE_STDINT_H 1
| #define HAVE_STRINGS_H 1
| #define HAVE_SYS_STAT_H 1
| #define HAVE_SYS_TYPES_H 1
| #define HAVE_UNISTD_H 1
| #define HAVE_WCHAR_H 1
| #define STDC_HEADERS 1
| #define _ALL_SOURCE 1
| #define _DARWIN_C_SOURCE 1
| #define _GNU_SOURCE 1
| #define _HPUX_ALT_XOPEN_SOCKET_API 1
| #define _NETBSD_SOURCE 1
| #define _OPENBSD_SOURCE 1
| #define _POSIX_PTHREAD_SEMANTICS 1
| #define __STDC_WANT_IEC_60559_ATTRIBS_EXT__ 1
| #define __STDC_WANT_IEC_60559_BFP_EXT__ 1
| #define __STDC_WANT_IEC_60559_DFP_EXT__ 1
| #define __STDC_WANT_IEC_60559_FUNCS_EXT__ 1
| #define __STDC_WANT_IEC_60559_TYPES_EXT__ 1
| #define __STDC_WANT_LIB_EXT2__ 1
| #define __STDC_WANT_MATH_SPEC_FUNCS__ 1
| #define _TANDEM_SOURCE 1
| #define __EXTENSIONS__ 1
| #define HAVE_DLFCN_H 1
| #define LT_OBJDIR ".libs/"
| #define PACKAGE "nghttp3"
| #define VERSION "1.1.0-DEV"
| #define HAVE_CXX17 1
| #define HAVE_ARPA_INET_H 1
| #define HAVE_STDDEF_H 1
| #define HAVE_STDINT_H 1
| #define HAVE_STDLIB_H 1
| #define HAVE_STRING_H 1
| #define HAVE_UNISTD_H 1
| #define HAVE_ENDIAN_H 1
| #define HAVE_BYTESWAP_H 1
| /* end confdefs.h.  */
| #include <stddef.h>
| #ifdef HAVE_STDIO_H
| # include <stdio.h>
| #endif
| #ifdef HAVE_STDLIB_H
| # include <stdlib.h>
| #endif
| #ifdef HAVE_STRING_H
| # include <string.h>
| #endif
| #ifdef HAVE_INTTYPES_H
| # include <inttypes.h>
| #endif
| #ifdef HAVE_STDINT_H
| # include <stdint.h>
| #endif
| #ifdef HAVE_STRINGS_H
| # include <strings.h>
| #endif
| #ifdef HAVE_SYS_TYPES_H
| # include <sys/types.h>
| #endif
| #ifdef HAVE_SYS_STAT_H
| # include <sys/stat.h>
| #endif
| #ifdef HAVE_UNISTD_H
| # include <unistd.h>
| #endif
| 	        enum { N = 8 / 2 - 1 };
| int
| main (void)
| {
| static int test_array [1 - 2 * !((int8_t) (((((int8_t) 1 << N) << N) - 1) * 2 + 1)
| 		 < (int8_t) (((((int8_t) 1 << N) << N) - 1) * 2 + 2))];
| test_array [0] = 0;
| return test_array [0];
| 
|   ;
|   return 0;
| }
configure:21227: result: yes
configure:21236: checking for int16_t
configure:21236: gcc -c -g -O2 -I/users/eghbal/openfec_v1.4.2/src/lib_common/  conftest.c >&5
configure:21236: $? = 0
configure:21236: gcc -c -g -O2 -I/users/eghbal/openfec_v1.4.2/src/lib_common/  conftest.c >&5
conftest.c: In function 'main':
conftest.c:81:12: error: size of array 'test_array' is negative
   81 | static int test_array [1 - 2 * !((int16_t) (((((int16_t) 1 << N) << N) - 1) * 2 + 1)
      |            ^~~~~~~~~~
configure:21236: $? = 1
configure: failed program was:
| /* confdefs.h */
| #define PACKAGE_NAME "nghttp3"
| #define PACKAGE_TARNAME "nghttp3"
| #define PACKAGE_VERSION "1.1.0-DEV"
| #define PACKAGE_STRING "nghttp3 1.1.0-DEV"
| #define PACKAGE_BUGREPORT "t-tujikawa@users.sourceforge.net"
| #define PACKAGE_URL ""
| #define HAVE_STDIO_H 1
| #define HAVE_STDLIB_H 1
| #define HAVE_STRING_H 1
| #define HAVE_INTTYPES_H 1
| #define HAVE_STDINT_H 1
| #define HAVE_STRINGS_H 1
| #define HAVE_SYS_STAT_H 1
| #define HAVE_SYS_TYPES_H 1
| #define HAVE_UNISTD_H 1
| #define HAVE_WCHAR_H 1
| #define STDC_HEADERS 1
| #define _ALL_SOURCE 1
| #define _DARWIN_C_SOURCE 1
| #define _GNU_SOURCE 1
| #define _HPUX_ALT_XOPEN_SOCKET_API 1
| #define _NETBSD_SOURCE 1
| #define _OPENBSD_SOURCE 1
| #define _POSIX_PTHREAD_SEMANTICS 1
| #define __STDC_WANT_IEC_60559_ATTRIBS_EXT__ 1
| #define __STDC_WANT_IEC_60559_BFP_EXT__ 1
| #define __STDC_WANT_IEC_60559_DFP_EXT__ 1
| #define __STDC_WANT_IEC_60559_FUNCS_EXT__ 1
| #define __STDC_WANT_IEC_60559_TYPES_EXT__ 1
| #define __STDC_WANT_LIB_EXT2__ 1
| #define __STDC_WANT_MATH_SPEC_FUNCS__ 1
| #define _TANDEM_SOURCE 1
| #define __EXTENSIONS__ 1
| #define HAVE_DLFCN_H 1
| #define LT_OBJDIR ".libs/"
| #define PACKAGE "nghttp3"
| #define VERSION "1.1.0-DEV"
| #define HAVE_CXX17 1
| #define HAVE_ARPA_INET_H 1
| #define HAVE_STDDEF_H 1
| #define HAVE_STDINT_H 1
| #define HAVE_STDLIB_H 1
| #define HAVE_STRING_H 1
| #define HAVE_UNISTD_H 1
| #define HAVE_ENDIAN_H 1
| #define HAVE_BYTESWAP_H 1
| /* end confdefs.h.  */
| #include <stddef.h>
| #ifdef HAVE_STDIO_H
| # include <stdio.h>
| #endif
| #ifdef HAVE_STDLIB_H
| # include <stdlib.h>
| #endif
| #ifdef HAVE_STRING_H
| # include <string.h>
| #endif
| #ifdef HAVE_INTTYPES_H
| # include <inttypes.h>
| #endif
| #ifdef HAVE_STDINT_H
| # include <stdint.h>
| #endif
| #ifdef HAVE_STRINGS_H
| # include <strings.h>
| #endif
| #ifdef HAVE_SYS_TYPES_H
| # include <sys/types.h>
| #endif
| #ifdef HAVE_SYS_STAT_H
| # include <sys/stat.h>
| #endif
| #ifdef HAVE_UNISTD_H
| # include <unistd.h>
| #endif
| 	        enum { N = 16 / 2 - 1 };
| int
| main (void)
| {
| static int test_array [1 - 2 * !((int16_t) (((((int16_t) 1 << N) << N) - 1) * 2 + 1)
| 		 < (int16_t) (((((int16_t) 1 << N) << N) - 1) * 2 + 2))];
| test_array [0] = 0;
| return test_array [0];
| 
|   ;
|   return 0;
| }
configure:21236: result: yes
configure:21245: checking for int32_t
configure:21245: gcc -c -g -O2 -I/users/eghbal/openfec_v1.4.2/src/lib_common/  conftest.c >&5
configure:21245: $? = 0
configure:21245: gcc -c -g -O2 -I/users/eghbal/openfec_v1.4.2/src/lib_common/  conftest.c >&5
conftest.c: In function 'main':
conftest.c:82:67: warning: integer overflow in expression of type 'int' results in '-2147483648' [-Woverflow]
   82 |                  < (int32_t) (((((int32_t) 1 << N) << N) - 1) * 2 + 2))];
      |                                                                   ^
conftest.c:81:12: error: storage size of 'test_array' isn't constant
   81 | static int test_array [1 - 2 * !((int32_t) (((((int32_t) 1 << N) << N) - 1) * 2 + 1)
      |            ^~~~~~~~~~
configure:21245: $? = 1
configure: failed program was:
| /* confdefs.h */
| #define PACKAGE_NAME "nghttp3"
| #define PACKAGE_TARNAME "nghttp3"
| #define PACKAGE_VERSION "1.1.0-DEV"
| #define PACKAGE_STRING "nghttp3 1.1.0-DEV"
| #define PACKAGE_BUGREPORT "t-tujikawa@users.sourceforge.net"
| #define PACKAGE_URL ""
| #define HAVE_STDIO_H 1
| #define HAVE_STDLIB_H 1
| #define HAVE_STRING_H 1
| #define HAVE_INTTYPES_H 1
| #define HAVE_STDINT_H 1
| #define HAVE_STRINGS_H 1
| #define HAVE_SYS_STAT_H 1
| #define HAVE_SYS_TYPES_H 1
| #define HAVE_UNISTD_H 1
| #define HAVE_WCHAR_H 1
| #define STDC_HEADERS 1
| #define _ALL_SOURCE 1
| #define _DARWIN_C_SOURCE 1
| #define _GNU_SOURCE 1
| #define _HPUX_ALT_XOPEN_SOCKET_API 1
| #define _NETBSD_SOURCE 1
| #define _OPENBSD_SOURCE 1
| #define _POSIX_PTHREAD_SEMANTICS 1
| #define __STDC_WANT_IEC_60559_ATTRIBS_EXT__ 1
| #define __STDC_WANT_IEC_60559_BFP_EXT__ 1
| #define __STDC_WANT_IEC_60559_DFP_EXT__ 1
| #define __STDC_WANT_IEC_60559_FUNCS_EXT__ 1
| #define __STDC_WANT_IEC_60559_TYPES_EXT__ 1
| #define __STDC_WANT_LIB_EXT2__ 1
| #define __STDC_WANT_MATH_SPEC_FUNCS__ 1
| #define _TANDEM_SOURCE 1
| #define __EXTENSIONS__ 1
| #define HAVE_DLFCN_H 1
| #define LT_OBJDIR ".libs/"
| #define PACKAGE "nghttp3"
| #define VERSION "1.1.0-DEV"
| #define HAVE_CXX17 1
| #define HAVE_ARPA_INET_H 1
| #define HAVE_STDDEF_H 1
| #define HAVE_STDINT_H 1
| #define HAVE_STDLIB_H 1
| #define HAVE_STRING_H 1
| #define HAVE_UNISTD_H 1
| #define HAVE_ENDIAN_H 1
| #define HAVE_BYTESWAP_H 1
| /* end confdefs.h.  */
| #include <stddef.h>
| #ifdef HAVE_STDIO_H
| # include <stdio.h>
| #endif
| #ifdef HAVE_STDLIB_H
| # include <stdlib.h>
| #endif
| #ifdef HAVE_STRING_H
| # include <string.h>
| #endif
| #ifdef HAVE_INTTYPES_H
| # include <inttypes.h>
| #endif
| #ifdef HAVE_STDINT_H
| # include <stdint.h>
| #endif
| #ifdef HAVE_STRINGS_H
| # include <strings.h>
| #endif
| #ifdef HAVE_SYS_TYPES_H
| # include <sys/types.h>
| #endif
| #ifdef HAVE_SYS_STAT_H
| # include <sys/stat.h>
| #endif
| #ifdef HAVE_UNISTD_H
| # include <unistd.h>
| #endif
| 	        enum { N = 32 / 2 - 1 };
| int
| main (void)
| {
| static int test_array [1 - 2 * !((int32_t) (((((int32_t) 1 << N) << N) - 1) * 2 + 1)
| 		 < (int32_t) (((((int32_t) 1 << N) << N) - 1) * 2 + 2))];
| test_array [0] = 0;
| return test_array [0];
| 
|   ;
|   return 0;
| }
configure:21245: result: yes
configure:21254: checking for int64_t
configure:21254: gcc -c -g -O2 -I/users/eghbal/openfec_v1.4.2/src/lib_common/  conftest.c >&5
configure:21254: $? = 0
configure:21254: gcc -c -g -O2 -I/users/eghbal/openfec_v1.4.2/src/lib_common/  conftest.c >&5
conftest.c: In function 'main':
conftest.c:82:67: warning: integer overflow in expression of type 'long int' results in '-9223372036854775808' [-Woverflow]
   82 |                  < (int64_t) (((((int64_t) 1 << N) << N) - 1) * 2 + 2))];
      |                                                                   ^
conftest.c:81:12: error: storage size of 'test_array' isn't constant
   81 | static int test_array [1 - 2 * !((int64_t) (((((int64_t) 1 << N) << N) - 1) * 2 + 1)
      |            ^~~~~~~~~~
configure:21254: $? = 1
configure: failed program was:
| /* confdefs.h */
| #define PACKAGE_NAME "nghttp3"
| #define PACKAGE_TARNAME "nghttp3"
| #define PACKAGE_VERSION "1.1.0-DEV"
| #define PACKAGE_STRING "nghttp3 1.1.0-DEV"
| #define PACKAGE_BUGREPORT "t-tujikawa@users.sourceforge.net"
| #define PACKAGE_URL ""
| #define HAVE_STDIO_H 1
| #define HAVE_STDLIB_H 1
| #define HAVE_STRING_H 1
| #define HAVE_INTTYPES_H 1
| #define HAVE_STDINT_H 1
| #define HAVE_STRINGS_H 1
| #define HAVE_SYS_STAT_H 1
| #define HAVE_SYS_TYPES_H 1
| #define HAVE_UNISTD_H 1
| #define HAVE_WCHAR_H 1
| #define STDC_HEADERS 1
| #define _ALL_SOURCE 1
| #define _DARWIN_C_SOURCE 1
| #define _GNU_SOURCE 1
| #define _HPUX_ALT_XOPEN_SOCKET_API 1
| #define _NETBSD_SOURCE 1
| #define _OPENBSD_SOURCE 1
| #define _POSIX_PTHREAD_SEMANTICS 1
| #define __STDC_WANT_IEC_60559_ATTRIBS_EXT__ 1
| #define __STDC_WANT_IEC_60559_BFP_EXT__ 1
| #define __STDC_WANT_IEC_60559_DFP_EXT__ 1
| #define __STDC_WANT_IEC_60559_FUNCS_EXT__ 1
| #define __STDC_WANT_IEC_60559_TYPES_EXT__ 1
| #define __STDC_WANT_LIB_EXT2__ 1
| #define __STDC_WANT_MATH_SPEC_FUNCS__ 1
| #define _TANDEM_SOURCE 1
| #define __EXTENSIONS__ 1
| #define HAVE_DLFCN_H 1
| #define LT_OBJDIR ".libs/"
| #define PACKAGE "nghttp3"
| #define VERSION "1.1.0-DEV"
| #define HAVE_CXX17 1
| #define HAVE_ARPA_INET_H 1
| #define HAVE_STDDEF_H 1
| #define HAVE_STDINT_H 1
| #define HAVE_STDLIB_H 1
| #define HAVE_STRING_H 1
| #define HAVE_UNISTD_H 1
| #define HAVE_ENDIAN_H 1
| #define HAVE_BYTESWAP_H 1
| /* end confdefs.h.  */
| #include <stddef.h>
| #ifdef HAVE_STDIO_H
| # include <stdio.h>
| #endif
| #ifdef HAVE_STDLIB_H
| # include <stdlib.h>
| #endif
| #ifdef HAVE_STRING_H
| # include <string.h>
| #endif
| #ifdef HAVE_INTTYPES_H
| # include <inttypes.h>
| #endif
| #ifdef HAVE_STDINT_H
| # include <stdint.h>
| #endif
| #ifdef HAVE_STRINGS_H
| # include <strings.h>
| #endif
| #ifdef HAVE_SYS_TYPES_H
| # include <sys/types.h>
| #endif
| #ifdef HAVE_SYS_STAT_H
| # include <sys/stat.h>
| #endif
| #ifdef HAVE_UNISTD_H
| # include <unistd.h>
| #endif
| 	        enum { N = 64 / 2 - 1 };
| int
| main (void)
| {
| static int test_array [1 - 2 * !((int64_t) (((((int64_t) 1 << N) << N) - 1) * 2 + 1)
| 		 < (int64_t) (((((int64_t) 1 << N) << N) - 1) * 2 + 2))];
| test_array [0] = 0;
| return test_array [0];
| 
|   ;
|   return 0;
| }
configure:21254: result: yes
configure:21263: checking for off_t
configure:21263: gcc -c -g -O2 -I/users/eghbal/openfec_v1.4.2/src/lib_common/  conftest.c >&5
configure:21263: $? = 0
configure:21263: gcc -c -g -O2 -I/users/eghbal/openfec_v1.4.2/src/lib_common/  conftest.c >&5
conftest.c: In function 'main':
conftest.c:80:20: error: expected expression before ')' token
   80 | if (sizeof ((off_t)))
      |                    ^
configure:21263: $? = 1
configure: failed program was:
| /* confdefs.h */
| #define PACKAGE_NAME "nghttp3"
| #define PACKAGE_TARNAME "nghttp3"
| #define PACKAGE_VERSION "1.1.0-DEV"
| #define PACKAGE_STRING "nghttp3 1.1.0-DEV"
| #define PACKAGE_BUGREPORT "t-tujikawa@users.sourceforge.net"
| #define PACKAGE_URL ""
| #define HAVE_STDIO_H 1
| #define HAVE_STDLIB_H 1
| #define HAVE_STRING_H 1
| #define HAVE_INTTYPES_H 1
| #define HAVE_STDINT_H 1
| #define HAVE_STRINGS_H 1
| #define HAVE_SYS_STAT_H 1
| #define HAVE_SYS_TYPES_H 1
| #define HAVE_UNISTD_H 1
| #define HAVE_WCHAR_H 1
| #define STDC_HEADERS 1
| #define _ALL_SOURCE 1
| #define _DARWIN_C_SOURCE 1
| #define _GNU_SOURCE 1
| #define _HPUX_ALT_XOPEN_SOCKET_API 1
| #define _NETBSD_SOURCE 1
| #define _OPENBSD_SOURCE 1
| #define _POSIX_PTHREAD_SEMANTICS 1
| #define __STDC_WANT_IEC_60559_ATTRIBS_EXT__ 1
| #define __STDC_WANT_IEC_60559_BFP_EXT__ 1
| #define __STDC_WANT_IEC_60559_DFP_EXT__ 1
| #define __STDC_WANT_IEC_60559_FUNCS_EXT__ 1
| #define __STDC_WANT_IEC_60559_TYPES_EXT__ 1
| #define __STDC_WANT_LIB_EXT2__ 1
| #define __STDC_WANT_MATH_SPEC_FUNCS__ 1
| #define _TANDEM_SOURCE 1
| #define __EXTENSIONS__ 1
| #define HAVE_DLFCN_H 1
| #define LT_OBJDIR ".libs/"
| #define PACKAGE "nghttp3"
| #define VERSION "1.1.0-DEV"
| #define HAVE_CXX17 1
| #define HAVE_ARPA_INET_H 1
| #define HAVE_STDDEF_H 1
| #define HAVE_STDINT_H 1
| #define HAVE_STDLIB_H 1
| #define HAVE_STRING_H 1
| #define HAVE_UNISTD_H 1
| #define HAVE_ENDIAN_H 1
| #define HAVE_BYTESWAP_H 1
| /* end confdefs.h.  */
| #include <stddef.h>
| #ifdef HAVE_STDIO_H
| # include <stdio.h>
| #endif
| #ifdef HAVE_STDLIB_H
| # include <stdlib.h>
| #endif
| #ifdef HAVE_STRING_H
| # include <string.h>
| #endif
| #ifdef HAVE_INTTYPES_H
| # include <inttypes.h>
| #endif
| #ifdef HAVE_STDINT_H
| # include <stdint.h>
| #endif
| #ifdef HAVE_STRINGS_H
| # include <strings.h>
| #endif
| #ifdef HAVE_SYS_TYPES_H
| # include <sys/types.h>
| #endif
| #ifdef HAVE_SYS_STAT_H
| # include <sys/stat.h>
| #endif
| #ifdef HAVE_UNISTD_H
| # include <unistd.h>
| #endif
| int
| main (void)
| {
| if (sizeof ((off_t)))
| 	    return 0;
|   ;
|   return 0;
| }
configure:21263: result: yes
configure:21274: checking for pid_t
configure:21274: gcc -c -g -O2 -I/users/eghbal/openfec_v1.4.2/src/lib_common/  conftest.c >&5
configure:21274: $? = 0
configure:21274: gcc -c -g -O2 -I/users/eghbal/openfec_v1.4.2/src/lib_common/  conftest.c >&5
conftest.c: In function 'main':
conftest.c:81:20: error: expected expression before ')' token
   81 | if (sizeof ((pid_t)))
      |                    ^
configure:21274: $? = 1
configure: failed program was:
| /* confdefs.h */
| #define PACKAGE_NAME "nghttp3"
| #define PACKAGE_TARNAME "nghttp3"
| #define PACKAGE_VERSION "1.1.0-DEV"
| #define PACKAGE_STRING "nghttp3 1.1.0-DEV"
| #define PACKAGE_BUGREPORT "t-tujikawa@users.sourceforge.net"
| #define PACKAGE_URL ""
| #define HAVE_STDIO_H 1
| #define HAVE_STDLIB_H 1
| #define HAVE_STRING_H 1
| #define HAVE_INTTYPES_H 1
| #define HAVE_STDINT_H 1
| #define HAVE_STRINGS_H 1
| #define HAVE_SYS_STAT_H 1
| #define HAVE_SYS_TYPES_H 1
| #define HAVE_UNISTD_H 1
| #define HAVE_WCHAR_H 1
| #define STDC_HEADERS 1
| #define _ALL_SOURCE 1
| #define _DARWIN_C_SOURCE 1
| #define _GNU_SOURCE 1
| #define _HPUX_ALT_XOPEN_SOCKET_API 1
| #define _NETBSD_SOURCE 1
| #define _OPENBSD_SOURCE 1
| #define _POSIX_PTHREAD_SEMANTICS 1
| #define __STDC_WANT_IEC_60559_ATTRIBS_EXT__ 1
| #define __STDC_WANT_IEC_60559_BFP_EXT__ 1
| #define __STDC_WANT_IEC_60559_DFP_EXT__ 1
| #define __STDC_WANT_IEC_60559_FUNCS_EXT__ 1
| #define __STDC_WANT_IEC_60559_TYPES_EXT__ 1
| #define __STDC_WANT_LIB_EXT2__ 1
| #define __STDC_WANT_MATH_SPEC_FUNCS__ 1
| #define _TANDEM_SOURCE 1
| #define __EXTENSIONS__ 1
| #define HAVE_DLFCN_H 1
| #define LT_OBJDIR ".libs/"
| #define PACKAGE "nghttp3"
| #define VERSION "1.1.0-DEV"
| #define HAVE_CXX17 1
| #define HAVE_ARPA_INET_H 1
| #define HAVE_STDDEF_H 1
| #define HAVE_STDINT_H 1
| #define HAVE_STDLIB_H 1
| #define HAVE_STRING_H 1
| #define HAVE_UNISTD_H 1
| #define HAVE_ENDIAN_H 1
| #define HAVE_BYTESWAP_H 1
| /* end confdefs.h.  */
| #include <stddef.h>
| #ifdef HAVE_STDIO_H
| # include <stdio.h>
| #endif
| #ifdef HAVE_STDLIB_H
| # include <stdlib.h>
| #endif
| #ifdef HAVE_STRING_H
| # include <string.h>
| #endif
| #ifdef HAVE_INTTYPES_H
| # include <inttypes.h>
| #endif
| #ifdef HAVE_STDINT_H
| # include <stdint.h>
| #endif
| #ifdef HAVE_STRINGS_H
| # include <strings.h>
| #endif
| #ifdef HAVE_SYS_TYPES_H
| # include <sys/types.h>
| #endif
| #ifdef HAVE_SYS_STAT_H
| # include <sys/stat.h>
| #endif
| #ifdef HAVE_UNISTD_H
| # include <unistd.h>
| #endif
| 
| int
| main (void)
| {
| if (sizeof ((pid_t)))
| 	    return 0;
|   ;
|   return 0;
| }
configure:21274: result: yes
configure:21311: checking for uid_t in sys/types.h
configure:21332: result: yes
configure:21343: checking for ptrdiff_t
configure:21343: gcc -c -g -O2 -I/users/eghbal/openfec_v1.4.2/src/lib_common/  conftest.c >&5
configure:21343: $? = 0
configure:21343: gcc -c -g -O2 -I/users/eghbal/openfec_v1.4.2/src/lib_common/  conftest.c >&5
conftest.c: In function 'main':
conftest.c:80:24: error: expected expression before ')' token
   80 | if (sizeof ((ptrdiff_t)))
      |                        ^
configure:21343: $? = 1
configure: failed program was:
| /* confdefs.h */
| #define PACKAGE_NAME "nghttp3"
| #define PACKAGE_TARNAME "nghttp3"
| #define PACKAGE_VERSION "1.1.0-DEV"
| #define PACKAGE_STRING "nghttp3 1.1.0-DEV"
| #define PACKAGE_BUGREPORT "t-tujikawa@users.sourceforge.net"
| #define PACKAGE_URL ""
| #define HAVE_STDIO_H 1
| #define HAVE_STDLIB_H 1
| #define HAVE_STRING_H 1
| #define HAVE_INTTYPES_H 1
| #define HAVE_STDINT_H 1
| #define HAVE_STRINGS_H 1
| #define HAVE_SYS_STAT_H 1
| #define HAVE_SYS_TYPES_H 1
| #define HAVE_UNISTD_H 1
| #define HAVE_WCHAR_H 1
| #define STDC_HEADERS 1
| #define _ALL_SOURCE 1
| #define _DARWIN_C_SOURCE 1
| #define _GNU_SOURCE 1
| #define _HPUX_ALT_XOPEN_SOCKET_API 1
| #define _NETBSD_SOURCE 1
| #define _OPENBSD_SOURCE 1
| #define _POSIX_PTHREAD_SEMANTICS 1
| #define __STDC_WANT_IEC_60559_ATTRIBS_EXT__ 1
| #define __STDC_WANT_IEC_60559_BFP_EXT__ 1
| #define __STDC_WANT_IEC_60559_DFP_EXT__ 1
| #define __STDC_WANT_IEC_60559_FUNCS_EXT__ 1
| #define __STDC_WANT_IEC_60559_TYPES_EXT__ 1
| #define __STDC_WANT_LIB_EXT2__ 1
| #define __STDC_WANT_MATH_SPEC_FUNCS__ 1
| #define _TANDEM_SOURCE 1
| #define __EXTENSIONS__ 1
| #define HAVE_DLFCN_H 1
| #define LT_OBJDIR ".libs/"
| #define PACKAGE "nghttp3"
| #define VERSION "1.1.0-DEV"
| #define HAVE_CXX17 1
| #define HAVE_ARPA_INET_H 1
| #define HAVE_STDDEF_H 1
| #define HAVE_STDINT_H 1
| #define HAVE_STDLIB_H 1
| #define HAVE_STRING_H 1
| #define HAVE_UNISTD_H 1
| #define HAVE_ENDIAN_H 1
| #define HAVE_BYTESWAP_H 1
| /* end confdefs.h.  */
| #include <stddef.h>
| #ifdef HAVE_STDIO_H
| # include <stdio.h>
| #endif
| #ifdef HAVE_STDLIB_H
| # include <stdlib.h>
| #endif
| #ifdef HAVE_STRING_H
| # include <string.h>
| #endif
| #ifdef HAVE_INTTYPES_H
| # include <inttypes.h>
| #endif
| #ifdef HAVE_STDINT_H
| # include <stdint.h>
| #endif
| #ifdef HAVE_STRINGS_H
| # include <strings.h>
| #endif
| #ifdef HAVE_SYS_TYPES_H
| # include <sys/types.h>
| #endif
| #ifdef HAVE_SYS_STAT_H
| # include <sys/stat.h>
| #endif
| #ifdef HAVE_UNISTD_H
| # include <unistd.h>
| #endif
| int
| main (void)
| {
| if (sizeof ((ptrdiff_t)))
| 	    return 0;
|   ;
|   return 0;
| }
configure:21343: result: yes
configure:21352: checking whether byte ordering is bigendian
configure:21368: gcc -c -g -O2 -I/users/eghbal/openfec_v1.4.2/src/lib_common/  conftest.c >&5
conftest.c:51:16: error: unknown type name 'not'
   51 |                not a universal capable compiler
      |                ^~~
conftest.c:51:22: error: expected '=', ',', ';', 'asm' or '__attribute__' before 'universal'
   51 |                not a universal capable compiler
      |                      ^~~~~~~~~
conftest.c:51:22: error: unknown type name 'universal'
configure:21368: $? = 1
configure: failed program was:
| /* confdefs.h */
| #define PACKAGE_NAME "nghttp3"
| #define PACKAGE_TARNAME "nghttp3"
| #define PACKAGE_VERSION "1.1.0-DEV"
| #define PACKAGE_STRING "nghttp3 1.1.0-DEV"
| #define PACKAGE_BUGREPORT "t-tujikawa@users.sourceforge.net"
| #define PACKAGE_URL ""
| #define HAVE_STDIO_H 1
| #define HAVE_STDLIB_H 1
| #define HAVE_STRING_H 1
| #define HAVE_INTTYPES_H 1
| #define HAVE_STDINT_H 1
| #define HAVE_STRINGS_H 1
| #define HAVE_SYS_STAT_H 1
| #define HAVE_SYS_TYPES_H 1
| #define HAVE_UNISTD_H 1
| #define HAVE_WCHAR_H 1
| #define STDC_HEADERS 1
| #define _ALL_SOURCE 1
| #define _DARWIN_C_SOURCE 1
| #define _GNU_SOURCE 1
| #define _HPUX_ALT_XOPEN_SOCKET_API 1
| #define _NETBSD_SOURCE 1
| #define _OPENBSD_SOURCE 1
| #define _POSIX_PTHREAD_SEMANTICS 1
| #define __STDC_WANT_IEC_60559_ATTRIBS_EXT__ 1
| #define __STDC_WANT_IEC_60559_BFP_EXT__ 1
| #define __STDC_WANT_IEC_60559_DFP_EXT__ 1
| #define __STDC_WANT_IEC_60559_FUNCS_EXT__ 1
| #define __STDC_WANT_IEC_60559_TYPES_EXT__ 1
| #define __STDC_WANT_LIB_EXT2__ 1
| #define __STDC_WANT_MATH_SPEC_FUNCS__ 1
| #define _TANDEM_SOURCE 1
| #define __EXTENSIONS__ 1
| #define HAVE_DLFCN_H 1
| #define LT_OBJDIR ".libs/"
| #define PACKAGE "nghttp3"
| #define VERSION "1.1.0-DEV"
| #define HAVE_CXX17 1
| #define HAVE_ARPA_INET_H 1
| #define HAVE_STDDEF_H 1
| #define HAVE_STDINT_H 1
| #define HAVE_STDLIB_H 1
| #define HAVE_STRING_H 1
| #define HAVE_UNISTD_H 1
| #define HAVE_ENDIAN_H 1
| #define HAVE_BYTESWAP_H 1
| #define HAVE_PTRDIFF_T 1
| /* end confdefs.h.  */
| #ifndef __APPLE_CC__
| 	       not a universal capable compiler
| 	     #endif
| 	     typedef int dummy;
| 
configure:21414: gcc -c -g -O2 -I/users/eghbal/openfec_v1.4.2/src/lib_common/  conftest.c >&5
configure:21414: $? = 0
configure:21433: gcc -c -g -O2 -I/users/eghbal/openfec_v1.4.2/src/lib_common/  conftest.c >&5
conftest.c: In function 'main':
conftest.c:57:18: error: unknown type name 'not'; did you mean 'ino_t'?
   57 |                  not big endian
      |                  ^~~
      |                  ino_t
conftest.c:57:26: error: expected '=', ',', ';', 'asm' or '__attribute__' before 'endian'
   57 |                  not big endian
      |                          ^~~~~~
configure:21433: $? = 1
configure: failed program was:
| /* confdefs.h */
| #define PACKAGE_NAME "nghttp3"
| #define PACKAGE_TARNAME "nghttp3"
| #define PACKAGE_VERSION "1.1.0-DEV"
| #define PACKAGE_STRING "nghttp3 1.1.0-DEV"
| #define PACKAGE_BUGREPORT "t-tujikawa@users.sourceforge.net"
| #define PACKAGE_URL ""
| #define HAVE_STDIO_H 1
| #define HAVE_STDLIB_H 1
| #define HAVE_STRING_H 1
| #define HAVE_INTTYPES_H 1
| #define HAVE_STDINT_H 1
| #define HAVE_STRINGS_H 1
| #define HAVE_SYS_STAT_H 1
| #define HAVE_SYS_TYPES_H 1
| #define HAVE_UNISTD_H 1
| #define HAVE_WCHAR_H 1
| #define STDC_HEADERS 1
| #define _ALL_SOURCE 1
| #define _DARWIN_C_SOURCE 1
| #define _GNU_SOURCE 1
| #define _HPUX_ALT_XOPEN_SOCKET_API 1
| #define _NETBSD_SOURCE 1
| #define _OPENBSD_SOURCE 1
| #define _POSIX_PTHREAD_SEMANTICS 1
| #define __STDC_WANT_IEC_60559_ATTRIBS_EXT__ 1
| #define __STDC_WANT_IEC_60559_BFP_EXT__ 1
| #define __STDC_WANT_IEC_60559_DFP_EXT__ 1
| #define __STDC_WANT_IEC_60559_FUNCS_EXT__ 1
| #define __STDC_WANT_IEC_60559_TYPES_EXT__ 1
| #define __STDC_WANT_LIB_EXT2__ 1
| #define __STDC_WANT_MATH_SPEC_FUNCS__ 1
| #define _TANDEM_SOURCE 1
| #define __EXTENSIONS__ 1
| #define HAVE_DLFCN_H 1
| #define LT_OBJDIR ".libs/"
| #define PACKAGE "nghttp3"
| #define VERSION "1.1.0-DEV"
| #define HAVE_CXX17 1
| #define HAVE_ARPA_INET_H 1
| #define HAVE_STDDEF_H 1
| #define HAVE_STDINT_H 1
| #define HAVE_STDLIB_H 1
| #define HAVE_STRING_H 1
| #define HAVE_UNISTD_H 1
| #define HAVE_ENDIAN_H 1
| #define HAVE_BYTESWAP_H 1
| #define HAVE_PTRDIFF_T 1
| /* end confdefs.h.  */
| #include <sys/types.h>
| 		#include <sys/param.h>
| 
| int
| main (void)
| {
| #if BYTE_ORDER != BIG_ENDIAN
| 		 not big endian
| 		#endif
| 
|   ;
|   return 0;
| }
configure:21567: result: no
configure:21585: checking for inline
configure:21602: gcc -c -g -O2 -I/users/eghbal/openfec_v1.4.2/src/lib_common/  conftest.c >&5
configure:21602: $? = 0
configure:21611: result: inline
configure:21637: checking for special C compiler options needed for large files
configure:21685: result: no
configure:21691: checking for _FILE_OFFSET_BITS value needed for large files
configure:21717: gcc -c -g -O2 -I/users/eghbal/openfec_v1.4.2/src/lib_common/  conftest.c >&5
configure:21717: $? = 0
configure:21751: result: no
configure:21835: checking for memmove
configure:21835: gcc -o conftest -g -O2 -I/users/eghbal/openfec_v1.4.2/src/lib_common/   conftest.c -L/users/eghbal/openfec_v1.4.2/bin/Release -lopenfec >&5
conftest.c:66:6: warning: conflicting types for built-in function 'memmove'; expected 'void *(void *, const void *, long unsigned int)' [-Wbuiltin-declaration-mismatch]
   66 | char memmove ();
      |      ^~~~~~~
conftest.c:58:1: note: 'memmove' is declared in header '<string.h>'
   57 | #include <limits.h>
   58 | #undef memmove
configure:21835: $? = 0
configure:21835: result: yes
configure:21841: checking for memset
configure:21841: gcc -o conftest -g -O2 -I/users/eghbal/openfec_v1.4.2/src/lib_common/   conftest.c -L/users/eghbal/openfec_v1.4.2/bin/Release -lopenfec >&5
conftest.c:67:6: warning: conflicting types for built-in function 'memset'; expected 'void *(void *, int,  long unsigned int)' [-Wbuiltin-declaration-mismatch]
   67 | char memset ();
      |      ^~~~~~
conftest.c:59:1: note: 'memset' is declared in header '<string.h>'
   58 | #include <limits.h>
   59 | #undef memset
configure:21841: $? = 0
configure:21841: result: yes
configure:21850: checking for gcc options needed to detect all undeclared functions
configure:21872: gcc -c -g -O2 -I/users/eghbal/openfec_v1.4.2/src/lib_common/   conftest.c >&5
conftest.c: In function 'main':
conftest.c:56:8: error: 'strchr' undeclared (first use in this function)
   56 | (void) strchr;
      |        ^~~~~~
conftest.c:1:1: note: 'strchr' is defined in header '<string.h>'; did you forget to '#include <string.h>'?
    1 | /* confdefs.h */
conftest.c:56:8: note: each undeclared identifier is reported only once for each function it appears in
   56 | (void) strchr;
      |        ^~~~~~
configure:21872: $? = 1
configure: failed program was:
| /* confdefs.h */
| #define PACKAGE_NAME "nghttp3"
| #define PACKAGE_TARNAME "nghttp3"
| #define PACKAGE_VERSION "1.1.0-DEV"
| #define PACKAGE_STRING "nghttp3 1.1.0-DEV"
| #define PACKAGE_BUGREPORT "t-tujikawa@users.sourceforge.net"
| #define PACKAGE_URL ""
| #define HAVE_STDIO_H 1
| #define HAVE_STDLIB_H 1
| #define HAVE_STRING_H 1
| #define HAVE_INTTYPES_H 1
| #define HAVE_STDINT_H 1
| #define HAVE_STRINGS_H 1
| #define HAVE_SYS_STAT_H 1
| #define HAVE_SYS_TYPES_H 1
| #define HAVE_UNISTD_H 1
| #define HAVE_WCHAR_H 1
| #define STDC_HEADERS 1
| #define _ALL_SOURCE 1
| #define _DARWIN_C_SOURCE 1
| #define _GNU_SOURCE 1
| #define _HPUX_ALT_XOPEN_SOCKET_API 1
| #define _NETBSD_SOURCE 1
| #define _OPENBSD_SOURCE 1
| #define _POSIX_PTHREAD_SEMANTICS 1
| #define __STDC_WANT_IEC_60559_ATTRIBS_EXT__ 1
| #define __STDC_WANT_IEC_60559_BFP_EXT__ 1
| #define __STDC_WANT_IEC_60559_DFP_EXT__ 1
| #define __STDC_WANT_IEC_60559_FUNCS_EXT__ 1
| #define __STDC_WANT_IEC_60559_TYPES_EXT__ 1
| #define __STDC_WANT_LIB_EXT2__ 1
| #define __STDC_WANT_MATH_SPEC_FUNCS__ 1
| #define _TANDEM_SOURCE 1
| #define __EXTENSIONS__ 1
| #define HAVE_DLFCN_H 1
| #define LT_OBJDIR ".libs/"
| #define PACKAGE "nghttp3"
| #define VERSION "1.1.0-DEV"
| #define HAVE_CXX17 1
| #define HAVE_ARPA_INET_H 1
| #define HAVE_STDDEF_H 1
| #define HAVE_STDINT_H 1
| #define HAVE_STDLIB_H 1
| #define HAVE_STRING_H 1
| #define HAVE_UNISTD_H 1
| #define HAVE_ENDIAN_H 1
| #define HAVE_BYTESWAP_H 1
| #define HAVE_PTRDIFF_T 1
| #define HAVE_MEMMOVE 1
| #define HAVE_MEMSET 1
| /* end confdefs.h.  */
| 
| int
| main (void)
| {
| (void) strchr;
|   ;
|   return 0;
| }
configure:21899: gcc -c -g -O2 -I/users/eghbal/openfec_v1.4.2/src/lib_common/   conftest.c >&5
configure:21899: $? = 0
configure:21916: result: none needed
configure:21930: checking whether be64toh is declared
configure:21930: gcc -c -g -O2 -I/users/eghbal/openfec_v1.4.2/src/lib_common/   conftest.c >&5
configure:21930: $? = 0
configure:21930: result: yes
configure:21948: checking whether bswap_64 is declared
configure:21948: gcc -c -g -O2 -I/users/eghbal/openfec_v1.4.2/src/lib_common/   conftest.c >&5
configure:21948: $? = 0
configure:21948: result: yes
configure:23809: checking whether C compiler accepts -fvisibility=hidden
configure:23829: gcc -c -g -O2 -I/users/eghbal/openfec_v1.4.2/src/lib_common/  -fvisibility=hidden  conftest.c >&5
configure:23829: $? = 0
configure:23838: result: yes
configure:23953: checking that generated files are newer than configure
configure:23959: result: done
configure:23995: creating ./config.status

## ---------------------- ##
## Running config.status. ##
## ---------------------- ##

This file was extended by nghttp3 config.status 1.1.0-DEV, which was
generated by GNU Autoconf 2.71.  Invocation command line was

  CONFIG_FILES    = 
  CONFIG_HEADERS  = 
  CONFIG_LINKS    = 
  CONFIG_COMMANDS = 
  $ ./config.status 

on client.eghbal-177311.fec-http.emulab.net

config.status:1204: creating Makefile
config.status:1204: creating lib/Makefile
config.status:1204: creating lib/libnghttp3.pc
config.status:1204: creating lib/includes/Makefile
config.status:1204: creating lib/includes/nghttp3/version.h
config.status:1204: creating tests/Makefile
config.status:1204: creating doc/Makefile
config.status:1204: creating doc/source/conf.py
config.status:1204: creating examples/Makefile
config.status:1204: creating config.h
config.status:1385: config.h is unchanged
config.status:1433: executing libtool commands
config.status:1433: executing depfiles commands
config.status:2220: cd lib       && sed -e '/# am--include-marker/d' Makefile         | make -f - am--depfiles
make: Nothing to be done for 'am--depfiles'.
config.status:2225: $? = 0
config.status:2220: cd tests       && sed -e '/# am--include-marker/d' Makefile         | make -f - am--depfiles
make: Nothing to be done for 'am--depfiles'.
config.status:2225: $? = 0
config.status:2220: cd examples       && sed -e '/# am--include-marker/d' Makefile         | make -f - am--depfiles
make: Nothing to be done for 'am--depfiles'.
config.status:2225: $? = 0
configure:26410: summary of build options:

    Package version: 1.1.0-DEV
    Library version: 9:0:0
    Install prefix:  /users/eghbal/nghttp3/build
    System types:
      Build:         x86_64-pc-linux-gnu
      Host:          x86_64-pc-linux-gnu
      Target:        x86_64-pc-linux-gnu
    Compiler:
      C preprocessor: gcc -E
      CPPFLAGS:       
      C compiler:     gcc
      CFLAGS:         -g -O2 -I/users/eghbal/openfec_v1.4.2/src/lib_common/
      C++ compiler:   g++
      CXXFLAGS:       -g -O2
      LDFLAGS:        
      WARNCFLAGS:     
      WARNCXXFLAGS:   
      EXTRACFLAG:     -fvisibility=hidden
      LIBS:           -L/users/eghbal/openfec_v1.4.2/bin/Release -lopenfec
    Library:
      Shared:         yes
      Static:         yes
    Test:
      CUnit:          yes (CFLAGS='' LIBS='-lcunit')
    Debug:
      Debug:          no (CFLAGS='')
    Library only:     yes
    Examples:         no


## ---------------- ##
## Cache variables. ##
## ---------------- ##

ac_cv_build=x86_64-pc-linux-gnu
ac_cv_c_bigendian=no
ac_cv_c_compiler_gnu=yes
ac_cv_c_inline=inline
ac_cv_c_int16_t=yes
ac_cv_c_int32_t=yes
ac_cv_c_int64_t=yes
ac_cv_c_int8_t=yes
ac_cv_c_uint16_t=yes
ac_cv_c_uint32_t=yes
ac_cv_c_uint64_t=yes
ac_cv_c_uint8_t=yes
ac_cv_c_undeclared_builtin_options='none needed'
ac_cv_cxx_compiler_gnu=yes
ac_cv_env_CCC_set=
ac_cv_env_CCC_value=
ac_cv_env_CC_set=
ac_cv_env_CC_value=
ac_cv_env_CFLAGS_set=set
ac_cv_env_CFLAGS_value='-g -O2 -I/users/eghbal/openfec_v1.4.2/src/lib_common/'
ac_cv_env_CPPFLAGS_set=
ac_cv_env_CPPFLAGS_value=
ac_cv_env_CPP_set=
ac_cv_env_CPP_value=
ac_cv_env_CUNIT_CFLAGS_set=
ac_cv_env_CUNIT_CFLAGS_value=
ac_cv_env_CUNIT_LIBS_set=
ac_cv_env_CUNIT_LIBS_value=
ac_cv_env_CXXCPP_set=
ac_cv_env_CXXCPP_value=
ac_cv_env_CXXFLAGS_set=
ac_cv_env_CXXFLAGS_value=
ac_cv_env_CXX_set=
ac_cv_env_CXX_value=
ac_cv_env_LDFLAGS_set=
ac_cv_env_LDFLAGS_value=
ac_cv_env_LIBS_set=set
ac_cv_env_LIBS_value='-L/users/eghbal/openfec_v1.4.2/bin/Release -lopenfec'
ac_cv_env_LT_SYS_LIBRARY_PATH_set=
ac_cv_env_LT_SYS_LIBRARY_PATH_value=
ac_cv_env_PKG_CONFIG_LIBDIR_set=
ac_cv_env_PKG_CONFIG_LIBDIR_value=
ac_cv_env_PKG_CONFIG_PATH_set=
ac_cv_env_PKG_CONFIG_PATH_value=
ac_cv_env_PKG_CONFIG_set=
ac_cv_env_PKG_CONFIG_value=
ac_cv_env_build_alias_set=
ac_cv_env_build_alias_value=
ac_cv_env_host_alias_set=
ac_cv_env_host_alias_value=
ac_cv_env_target_alias_set=
ac_cv_env_target_alias_value=
ac_cv_func_memmove=yes
ac_cv_func_memset=yes
ac_cv_have_decl_be64toh=yes
ac_cv_have_decl_bswap_64=yes
ac_cv_header_arpa_inet_h=yes
ac_cv_header_byteswap_h=yes
ac_cv_header_dlfcn_h=yes
ac_cv_header_endian_h=yes
ac_cv_header_inttypes_h=yes
ac_cv_header_minix_config_h=no
ac_cv_header_stddef_h=yes
ac_cv_header_stdint_h=yes
ac_cv_header_stdio_h=yes
ac_cv_header_stdlib_h=yes
ac_cv_header_string_h=yes
ac_cv_header_strings_h=yes
ac_cv_header_sys_endian_h=no
ac_cv_header_sys_stat_h=yes
ac_cv_header_sys_types_h=yes
ac_cv_header_unistd_h=yes
ac_cv_header_wchar_h=yes
ac_cv_host=x86_64-pc-linux-gnu
ac_cv_objext=o
ac_cv_path_EGREP='/usr/bin/grep -E'
ac_cv_path_FGREP='/usr/bin/grep -F'
ac_cv_path_GREP=/usr/bin/grep
ac_cv_path_SED=/usr/bin/sed
ac_cv_path_ac_pt_PKG_CONFIG=/usr/bin/pkg-config
ac_cv_path_install='/usr/bin/install -c'
ac_cv_path_lt_DD=/usr/bin/dd
ac_cv_path_mkdir=/usr/bin/mkdir
ac_cv_prog_AWK=gawk
ac_cv_prog_CPP='gcc -E'
ac_cv_prog_CXXCPP='g++ -E'
ac_cv_prog_ac_ct_AR=ar
ac_cv_prog_ac_ct_CC=gcc
ac_cv_prog_ac_ct_CXX=g++
ac_cv_prog_ac_ct_MANIFEST_TOOL=mt
ac_cv_prog_ac_ct_OBJDUMP=objdump
ac_cv_prog_ac_ct_RANLIB=ranlib
ac_cv_prog_ac_ct_STRIP=strip
ac_cv_prog_cc_c11=
ac_cv_prog_cc_g=yes
ac_cv_prog_cc_stdc=
ac_cv_prog_cxx_11=no
ac_cv_prog_cxx_cxx11=
ac_cv_prog_cxx_g=yes
ac_cv_prog_cxx_stdcxx=
ac_cv_prog_make_make_set=yes
ac_cv_safe_to_define___extensions__=yes
ac_cv_should_define__xopen_source=no
ac_cv_sys_file_offset_bits=no
ac_cv_sys_largefile_CC=no
ac_cv_target=x86_64-pc-linux-gnu
ac_cv_type_off_t=yes
ac_cv_type_pid_t=yes
ac_cv_type_ptrdiff_t=yes
ac_cv_type_size_t=yes
ac_cv_type_ssize_t=yes
ac_cv_type_uid_t=yes
am_cv_CC_dependencies_compiler_type=gcc3
am_cv_CXX_dependencies_compiler_type=gcc3
am_cv_make_support_nested_variables=yes
am_cv_prog_cc_c_o=yes
ax_cv_check_cflags___fvisibility_hidden=yes
ax_cv_cxx_compile_cxx17=yes
lt_cv_ar_at_file=@
lt_cv_archive_cmds_need_lc=no
lt_cv_deplibs_check_method=pass_all
lt_cv_file_magic_cmd='$MAGIC_CMD'
lt_cv_file_magic_test_file=
lt_cv_ld_reload_flag=-r
lt_cv_nm_interface='BSD nm'
lt_cv_objdir=.libs
lt_cv_path_LD=/usr/bin/ld
lt_cv_path_LDCXX='/usr/bin/ld -m elf_x86_64'
lt_cv_path_NM='/usr/bin/nm -B'
lt_cv_path_mainfest_tool=no
lt_cv_prog_compiler_c_o=yes
lt_cv_prog_compiler_c_o_CXX=yes
lt_cv_prog_compiler_pic='-fPIC -DPIC'
lt_cv_prog_compiler_pic_CXX='-fPIC -DPIC'
lt_cv_prog_compiler_pic_works=yes
lt_cv_prog_compiler_pic_works_CXX=yes
lt_cv_prog_compiler_rtti_exceptions=no
lt_cv_prog_compiler_static_works=no
lt_cv_prog_compiler_static_works_CXX=no
lt_cv_prog_gnu_ld=yes
lt_cv_prog_gnu_ldcxx=yes
lt_cv_sharedlib_from_linklib_cmd='printf %s\n'
lt_cv_shlibpath_overrides_runpath=yes
lt_cv_sys_global_symbol_pipe='sed -n -e '\''s/^.*[	 ]\([ABCDGIRSTW][ABCDGIRSTW]*\)[	 ][	 ]*\([_A-Za-z][_A-Za-z0-9]*\)$/\1 \2 \2/p'\'' | sed '\''/ __gnu_lto/d'\'''
lt_cv_sys_global_symbol_to_c_name_address='sed -n -e '\''s/^: \(.*\) .*$/  {"\1", (void *) 0},/p'\'' -e '\''s/^[ABCDGIRSTW][ABCDGIRSTW]* .* \(.*\)$/  {"\1", (void *) \&\1},/p'\'''
lt_cv_sys_global_symbol_to_c_name_address_lib_prefix='sed -n -e '\''s/^: \(.*\) .*$/  {"\1", (void *) 0},/p'\'' -e '\''s/^[ABCDGIRSTW][ABCDGIRSTW]* .* \(lib.*\)$/  {"\1", (void *) \&\1},/p'\'' -e '\''s/^[ABCDGIRSTW][ABCDGIRSTW]* .* \(.*\)$/  {"lib\1", (void *) \&\1},/p'\'''
lt_cv_sys_global_symbol_to_cdecl='sed -n -e '\''s/^T .* \(.*\)$/extern int \1();/p'\'' -e '\''s/^[ABCDGIRSTW][ABCDGIRSTW]* .* \(.*\)$/extern char \1;/p'\'''
lt_cv_sys_global_symbol_to_import=
lt_cv_sys_max_cmd_len=1572864
lt_cv_to_host_file_cmd=func_convert_file_noop
lt_cv_to_tool_file_cmd=func_convert_file_noop
lt_cv_truncate_bin='/usr/bin/dd bs=4096 count=1'
pkg_cv_CUNIT_CFLAGS=
pkg_cv_CUNIT_LIBS=-lcunit

## ----------------- ##
## Output variables. ##
## ----------------- ##

ACLOCAL='${SHELL} '\''/users/eghbal/nghttp3/missing'\'' aclocal-1.16'
AMDEPBACKSLASH='\'
AMDEP_FALSE='#'
AMDEP_TRUE=''
AMTAR='$${TAR-tar}'
AM_BACKSLASH='\'
AM_DEFAULT_V='$(AM_DEFAULT_VERBOSITY)'
AM_DEFAULT_VERBOSITY='0'
AM_V='$(V)'
AR='ar'
AUTOCONF='${SHELL} '\''/users/eghbal/nghttp3/missing'\'' autoconf'
AUTOHEADER='${SHELL} '\''/users/eghbal/nghttp3/missing'\'' autoheader'
AUTOMAKE='${SHELL} '\''/users/eghbal/nghttp3/missing'\'' automake-1.16'
AWK='gawk'
CC='gcc'
CCDEPMODE='depmode=gcc3'
CFLAGS='-g -O2 -I/users/eghbal/openfec_v1.4.2/src/lib_common/'
CPP='gcc -E'
CPPFLAGS=''
CSCOPE='cscope'
CTAGS='ctags'
CUNIT_CFLAGS=''
CUNIT_LIBS='-lcunit'
CXX='g++'
CXXCPP='g++ -E'
CXXDEPMODE='depmode=gcc3'
CXXFLAGS='-g -O2'
CYGPATH_W='echo'
DEBUGCFLAGS=''
DEFS='-DHAVE_CONFIG_H'
DEPDIR='.deps'
DLLTOOL='false'
DSYMUTIL=''
DUMPBIN=''
ECHO_C=''
ECHO_N='-n'
ECHO_T=''
EGREP='/usr/bin/grep -E'
ENABLE_EXAMPLES_FALSE=''
ENABLE_EXAMPLES_TRUE='#'
ETAGS='etags'
EXEEXT=''
EXTRACFLAG='-fvisibility=hidden'
FGREP='/usr/bin/grep -F'
GREP='/usr/bin/grep'
HAVE_CUNIT_FALSE='#'
HAVE_CUNIT_TRUE=''
HAVE_CXX17='1'
INSTALL_DATA='${INSTALL} -m 644'
INSTALL_PROGRAM='${INSTALL}'
INSTALL_SCRIPT='${INSTALL}'
INSTALL_STRIP_PROGRAM='$(install_sh) -c -s'
LD='/usr/bin/ld -m elf_x86_64'
LDFLAGS=''
LIBOBJS=''
LIBS='-L/users/eghbal/openfec_v1.4.2/bin/Release -lopenfec'
LIBTOOL='$(SHELL) $(top_builddir)/libtool'
LIPO=''
LN_S='ln -s'
LTLIBOBJS=''
LT_AGE='0'
LT_CURRENT='9'
LT_REVISION='0'
LT_SYS_LIBRARY_PATH=''
MAKEINFO='${SHELL} '\''/users/eghbal/nghttp3/missing'\'' makeinfo'
MANIFEST_TOOL=':'
MKDIR_P='/usr/bin/mkdir -p'
NM='/usr/bin/nm -B'
NMEDIT=''
OBJDUMP='objdump'
OBJEXT='o'
OTOOL64=''
OTOOL=''
PACKAGE='nghttp3'
PACKAGE_BUGREPORT='t-tujikawa@users.sourceforge.net'
PACKAGE_NAME='nghttp3'
PACKAGE_STRING='nghttp3 1.1.0-DEV'
PACKAGE_TARNAME='nghttp3'
PACKAGE_URL=''
PACKAGE_VERSION='1.1.0-DEV'
PACKAGE_VERSION_NUM='0x010100'
PATH_SEPARATOR=':'
PKG_CONFIG='/usr/bin/pkg-config'
PKG_CONFIG_LIBDIR=''
PKG_CONFIG_PATH=''
RANLIB='ranlib'
SED='/usr/bin/sed'
SET_MAKE=''
SHELL='/bin/bash'
STRIP='strip'
VERSION='1.1.0-DEV'
WARNCFLAGS=''
WARNCXXFLAGS=''
ac_ct_AR='ar'
ac_ct_CC='gcc'
ac_ct_CXX='g++'
ac_ct_DUMPBIN=''
am__EXEEXT_FALSE=''
am__EXEEXT_TRUE='#'
am__fastdepCC_FALSE='#'
am__fastdepCC_TRUE=''
am__fastdepCXX_FALSE='#'
am__fastdepCXX_TRUE=''
am__include='include'
am__isrc=''
am__leading_dot='.'
am__nodep='_no'
am__quote=''
am__tar='$${TAR-tar} chof - "$$tardir"'
am__untar='$${TAR-tar} xf -'
bindir='${exec_prefix}/bin'
build='x86_64-pc-linux-gnu'
build_alias=''
build_cpu='x86_64'
build_os='linux-gnu'
build_vendor='pc'
datadir='${datarootdir}'
datarootdir='${prefix}/share'
docdir='${datarootdir}/doc/${PACKAGE_TARNAME}'
dvidir='${docdir}'
exec_prefix='${prefix}'
host='x86_64-pc-linux-gnu'
host_alias=''
host_cpu='x86_64'
host_os='linux-gnu'
host_vendor='pc'
htmldir='${docdir}'
includedir='${prefix}/include'
infodir='${datarootdir}/info'
install_sh='${SHELL} /users/eghbal/nghttp3/install-sh'
libdir='${exec_prefix}/lib'
libexecdir='${exec_prefix}/libexec'
localedir='${datarootdir}/locale'
localstatedir='${prefix}/var'
mandir='${datarootdir}/man'
mkdir_p='$(MKDIR_P)'
oldincludedir='/usr/include'
pdfdir='${docdir}'
prefix='/users/eghbal/nghttp3/build'
program_transform_name='s,x,x,'
psdir='${docdir}'
runstatedir='${localstatedir}/run'
sbindir='${exec_prefix}/sbin'
sharedstatedir='${prefix}/com'
sysconfdir='${prefix}/etc'
target='x86_64-pc-linux-gnu'
target_alias=''
target_cpu='x86_64'
target_os='linux-gnu'
target_vendor='pc'

## ----------- ##
## confdefs.h. ##
## ----------- ##

/* confdefs.h */
#define PACKAGE_NAME "nghttp3"
#define PACKAGE_TARNAME "nghttp3"
#define PACKAGE_VERSION "1.1.0-DEV"
#define PACKAGE_STRING "nghttp3 1.1.0-DEV"
#define PACKAGE_BUGREPORT "t-tujikawa@users.sourceforge.net"
#define PACKAGE_URL ""
#define HAVE_STDIO_H 1
#define HAVE_STDLIB_H 1
#define HAVE_STRING_H 1
#define HAVE_INTTYPES_H 1
#define HAVE_STDINT_H 1
#define HAVE_STRINGS_H 1
#define HAVE_SYS_STAT_H 1
#define HAVE_SYS_TYPES_H 1
#define HAVE_UNISTD_H 1
#define HAVE_WCHAR_H 1
#define STDC_HEADERS 1
#define _ALL_SOURCE 1
#define _DARWIN_C_SOURCE 1
#define _GNU_SOURCE 1
#define _HPUX_ALT_XOPEN_SOCKET_API 1
#define _NETBSD_SOURCE 1
#define _OPENBSD_SOURCE 1
#define _POSIX_PTHREAD_SEMANTICS 1
#define __STDC_WANT_IEC_60559_ATTRIBS_EXT__ 1
#define __STDC_WANT_IEC_60559_BFP_EXT__ 1
#define __STDC_WANT_IEC_60559_DFP_EXT__ 1
#define __STDC_WANT_IEC_60559_FUNCS_EXT__ 1
#define __STDC_WANT_IEC_60559_TYPES_EXT__ 1
#define __STDC_WANT_LIB_EXT2__ 1
#define __STDC_WANT_MATH_SPEC_FUNCS__ 1
#define _TANDEM_SOURCE 1
#define __EXTENSIONS__ 1
#define HAVE_DLFCN_H 1
#define LT_OBJDIR ".libs/"
#define PACKAGE "nghttp3"
#define VERSION "1.1.0-DEV"
#define HAVE_CXX17 1
#define HAVE_ARPA_INET_H 1
#define HAVE_STDDEF_H 1
#define HAVE_STDINT_H 1
#define HAVE_STDLIB_H 1
#define HAVE_STRING_H 1
#define HAVE_UNISTD_H 1
#define HAVE_ENDIAN_H 1
#define HAVE_BYTESWAP_H 1
#define HAVE_PTRDIFF_T 1
#define HAVE_MEMMOVE 1
#define HAVE_MEMSET 1
#define HAVE_DECL_BE64TOH 1
#define HAVE_DECL_BSWAP_64 1

configure: exit 0
